[2023-02-28 14:54:46,869] {taskinstance.py:1159} INFO - Dependencies all met for <TaskInstance: avg_product_price.spark_submit manual__2023-02-28T14:49:30.512387+00:00 [queued]>
[2023-02-28 14:54:46,882] {taskinstance.py:1159} INFO - Dependencies all met for <TaskInstance: avg_product_price.spark_submit manual__2023-02-28T14:49:30.512387+00:00 [queued]>
[2023-02-28 14:54:46,883] {taskinstance.py:1356} INFO - 
--------------------------------------------------------------------------------
[2023-02-28 14:54:46,884] {taskinstance.py:1357} INFO - Starting attempt 2 of 2
[2023-02-28 14:54:46,885] {taskinstance.py:1358} INFO - 
--------------------------------------------------------------------------------
[2023-02-28 14:54:46,909] {taskinstance.py:1377} INFO - Executing <Task(SparkSubmitOperator): spark_submit> on 2023-02-28 14:49:30.512387+00:00
[2023-02-28 14:54:46,916] {standard_task_runner.py:52} INFO - Started process 1019 to run task
[2023-02-28 14:54:46,919] {standard_task_runner.py:79} INFO - Running: ['***', 'tasks', 'run', 'avg_product_price', 'spark_submit', 'manual__2023-02-28T14:49:30.512387+00:00', '--job-id', '5', '--raw', '--subdir', 'DAGS_FOLDER/avg_product_price.py', '--cfg-path', '/tmp/tmp1caxsgpf', '--error-file', '/tmp/tmplgzv6lb0']
[2023-02-28 14:54:46,922] {standard_task_runner.py:80} INFO - Job 5: Subtask spark_submit
[2023-02-28 14:54:47,001] {task_command.py:370} INFO - Running <TaskInstance: avg_product_price.spark_submit manual__2023-02-28T14:49:30.512387+00:00 [running]> on host 955b42728ca0
[2023-02-28 14:54:47,093] {taskinstance.py:1571} INFO - Exporting the following env vars:
AIRFLOW_CTX_DAG_OWNER=ayyoub
AIRFLOW_CTX_DAG_ID=avg_product_price
AIRFLOW_CTX_TASK_ID=spark_submit
AIRFLOW_CTX_EXECUTION_DATE=2023-02-28T14:49:30.512387+00:00
AIRFLOW_CTX_TRY_NUMBER=2
AIRFLOW_CTX_DAG_RUN_ID=manual__2023-02-28T14:49:30.512387+00:00
[2023-02-28 14:54:47,104] {base.py:68} INFO - Using connection ID 'spark-hadoop' for task execution.
[2023-02-28 14:54:47,105] {spark_submit.py:344} INFO - Spark-Submit cmd: spark-submit --master local[*] --name arrow-spark /hadoop-data/map_reduce/spark/average_price.py
[2023-02-28 14:54:52,687] {spark_submit.py:495} INFO - 23/02/28 14:54:52 INFO SparkContext: Running Spark version 3.3.2
[2023-02-28 14:54:52,836] {spark_submit.py:495} INFO - 23/02/28 14:54:52 WARN NativeCodeLoader: Unable to load native-hadoop library for your platform... using builtin-java classes where applicable
[2023-02-28 14:54:53,005] {spark_submit.py:495} INFO - 23/02/28 14:54:53 INFO ResourceUtils: ==============================================================
[2023-02-28 14:54:53,006] {spark_submit.py:495} INFO - 23/02/28 14:54:53 INFO ResourceUtils: No custom resources configured for spark.driver.
[2023-02-28 14:54:53,007] {spark_submit.py:495} INFO - 23/02/28 14:54:53 INFO ResourceUtils: ==============================================================
[2023-02-28 14:54:53,008] {spark_submit.py:495} INFO - 23/02/28 14:54:53 INFO SparkContext: Submitted application: average_product_price
[2023-02-28 14:54:53,049] {spark_submit.py:495} INFO - 23/02/28 14:54:53 INFO ResourceProfile: Default ResourceProfile created, executor resources: Map(cores -> name: cores, amount: 1, script: , vendor: , memory -> name: memory, amount: 1024, script: , vendor: , offHeap -> name: offHeap, amount: 0, script: , vendor: ), task resources: Map(cpus -> name: cpus, amount: 1.0)
[2023-02-28 14:54:53,064] {spark_submit.py:495} INFO - 23/02/28 14:54:53 INFO ResourceProfile: Limiting resource is cpu
[2023-02-28 14:54:53,066] {spark_submit.py:495} INFO - 23/02/28 14:54:53 INFO ResourceProfileManager: Added ResourceProfile id: 0
[2023-02-28 14:54:53,155] {spark_submit.py:495} INFO - 23/02/28 14:54:53 INFO SecurityManager: Changing view acls to: ***
[2023-02-28 14:54:53,156] {spark_submit.py:495} INFO - 23/02/28 14:54:53 INFO SecurityManager: Changing modify acls to: ***
[2023-02-28 14:54:53,156] {spark_submit.py:495} INFO - 23/02/28 14:54:53 INFO SecurityManager: Changing view acls groups to:
[2023-02-28 14:54:53,157] {spark_submit.py:495} INFO - 23/02/28 14:54:53 INFO SecurityManager: Changing modify acls groups to:
[2023-02-28 14:54:53,158] {spark_submit.py:495} INFO - 23/02/28 14:54:53 INFO SecurityManager: SecurityManager: authentication disabled; ui acls disabled; users  with view permissions: Set(***); groups with view permissions: Set(); users  with modify permissions: Set(***); groups with modify permissions: Set()
[2023-02-28 14:54:53,532] {spark_submit.py:495} INFO - 23/02/28 14:54:53 INFO Utils: Successfully started service 'sparkDriver' on port 34017.
[2023-02-28 14:54:53,592] {spark_submit.py:495} INFO - 23/02/28 14:54:53 INFO SparkEnv: Registering MapOutputTracker
[2023-02-28 14:54:53,655] {spark_submit.py:495} INFO - 23/02/28 14:54:53 INFO SparkEnv: Registering BlockManagerMaster
[2023-02-28 14:54:53,684] {spark_submit.py:495} INFO - 23/02/28 14:54:53 INFO BlockManagerMasterEndpoint: Using org.apache.spark.storage.DefaultTopologyMapper for getting topology information
[2023-02-28 14:54:53,685] {spark_submit.py:495} INFO - 23/02/28 14:54:53 INFO BlockManagerMasterEndpoint: BlockManagerMasterEndpoint up
[2023-02-28 14:54:53,691] {spark_submit.py:495} INFO - 23/02/28 14:54:53 INFO SparkEnv: Registering BlockManagerMasterHeartbeat
[2023-02-28 14:54:53,730] {spark_submit.py:495} INFO - 23/02/28 14:54:53 INFO DiskBlockManager: Created local directory at /tmp/blockmgr-fafe51e6-565e-4b2e-b6be-41c0f6784fda
[2023-02-28 14:54:53,760] {spark_submit.py:495} INFO - 23/02/28 14:54:53 INFO MemoryStore: MemoryStore started with capacity 434.4 MiB
[2023-02-28 14:54:53,784] {spark_submit.py:495} INFO - 23/02/28 14:54:53 INFO SparkEnv: Registering OutputCommitCoordinator
[2023-02-28 14:54:54,134] {spark_submit.py:495} INFO - 23/02/28 14:54:54 INFO Utils: Successfully started service 'SparkUI' on port 4040.
[2023-02-28 14:54:54,290] {spark_submit.py:495} INFO - 23/02/28 14:54:54 INFO Executor: Starting executor ID driver on host 955b42728ca0
[2023-02-28 14:54:54,305] {spark_submit.py:495} INFO - 23/02/28 14:54:54 INFO Executor: Starting executor with user classpath (userClassPathFirst = false): ''
[2023-02-28 14:54:54,342] {spark_submit.py:495} INFO - 23/02/28 14:54:54 INFO Utils: Successfully started service 'org.apache.spark.network.netty.NettyBlockTransferService' on port 37093.
[2023-02-28 14:54:54,343] {spark_submit.py:495} INFO - 23/02/28 14:54:54 INFO NettyBlockTransferService: Server created on 955b42728ca0:37093
[2023-02-28 14:54:54,345] {spark_submit.py:495} INFO - 23/02/28 14:54:54 INFO BlockManager: Using org.apache.spark.storage.RandomBlockReplicationPolicy for block replication policy
[2023-02-28 14:54:54,358] {spark_submit.py:495} INFO - 23/02/28 14:54:54 INFO BlockManagerMaster: Registering BlockManager BlockManagerId(driver, 955b42728ca0, 37093, None)
[2023-02-28 14:54:54,363] {spark_submit.py:495} INFO - 23/02/28 14:54:54 INFO BlockManagerMasterEndpoint: Registering block manager 955b42728ca0:37093 with 434.4 MiB RAM, BlockManagerId(driver, 955b42728ca0, 37093, None)
[2023-02-28 14:54:54,367] {spark_submit.py:495} INFO - 23/02/28 14:54:54 INFO BlockManagerMaster: Registered BlockManager BlockManagerId(driver, 955b42728ca0, 37093, None)
[2023-02-28 14:54:54,369] {spark_submit.py:495} INFO - 23/02/28 14:54:54 INFO BlockManager: Initialized BlockManager: BlockManagerId(driver, 955b42728ca0, 37093, None)
[2023-02-28 14:54:54,762] {spark_submit.py:495} INFO - /opt/spark-3.3.2-bin-hadoop3/python/lib/pyspark.zip/pyspark/sql/context.py:114: FutureWarning: Deprecated in 3.0.0. Use SparkSession.builder.getOrCreate() instead.
[2023-02-28 14:54:55,150] {spark_submit.py:495} INFO - 23/02/28 14:54:55 INFO SharedState: Setting hive.metastore.warehouse.dir ('null') to the value of spark.sql.warehouse.dir.
[2023-02-28 14:54:55,163] {spark_submit.py:495} INFO - 23/02/28 14:54:55 INFO SharedState: Warehouse path is 'file:/home/***/spark-warehouse'.
[2023-02-28 14:54:57,497] {spark_submit.py:495} INFO - Traceback (most recent call last):
[2023-02-28 14:54:57,504] {spark_submit.py:495} INFO - File "/hadoop-data/map_reduce/spark/average_price.py", line 20, in <module>
[2023-02-28 14:54:57,509] {spark_submit.py:495} INFO - calculate_avg()
[2023-02-28 14:54:57,510] {spark_submit.py:495} INFO - File "/hadoop-data/map_reduce/spark/average_price.py", line 6, in calculate_avg
[2023-02-28 14:54:57,516] {spark_submit.py:495} INFO - df_load = sqlContext.read.option("header",True).csv('hdfs://namenode:8020/user/root/input/Sales.csv')
[2023-02-28 14:54:57,517] {spark_submit.py:495} INFO - File "/opt/spark-3.3.2-bin-hadoop3/python/lib/pyspark.zip/pyspark/sql/readwriter.py", line 535, in csv
[2023-02-28 14:54:57,536] {spark_submit.py:495} INFO - File "/opt/spark-3.3.2-bin-hadoop3/python/lib/py4j-0.10.9.5-src.zip/py4j/java_gateway.py", line 1322, in __call__
[2023-02-28 14:54:57,542] {spark_submit.py:495} INFO - File "/opt/spark-3.3.2-bin-hadoop3/python/lib/pyspark.zip/pyspark/sql/utils.py", line 196, in deco
[2023-02-28 14:54:57,553] {spark_submit.py:495} INFO - pyspark.sql.utils.AnalysisException: Path does not exist: hdfs://namenode:8020/user/root/input/Sales.csv
[2023-02-28 14:54:57,690] {spark_submit.py:495} INFO - 23/02/28 14:54:57 INFO SparkContext: Invoking stop() from shutdown hook
[2023-02-28 14:54:57,719] {spark_submit.py:495} INFO - 23/02/28 14:54:57 INFO SparkUI: Stopped Spark web UI at http://955b42728ca0:4040
[2023-02-28 14:54:57,747] {spark_submit.py:495} INFO - 23/02/28 14:54:57 INFO MapOutputTrackerMasterEndpoint: MapOutputTrackerMasterEndpoint stopped!
[2023-02-28 14:54:57,860] {spark_submit.py:495} INFO - 23/02/28 14:54:57 INFO MemoryStore: MemoryStore cleared
[2023-02-28 14:54:57,861] {spark_submit.py:495} INFO - 23/02/28 14:54:57 INFO BlockManager: BlockManager stopped
[2023-02-28 14:54:57,881] {spark_submit.py:495} INFO - 23/02/28 14:54:57 INFO BlockManagerMaster: BlockManagerMaster stopped
[2023-02-28 14:54:57,887] {spark_submit.py:495} INFO - 23/02/28 14:54:57 INFO OutputCommitCoordinator$OutputCommitCoordinatorEndpoint: OutputCommitCoordinator stopped!
[2023-02-28 14:54:57,897] {spark_submit.py:495} INFO - 23/02/28 14:54:57 INFO SparkContext: Successfully stopped SparkContext
[2023-02-28 14:54:57,898] {spark_submit.py:495} INFO - 23/02/28 14:54:57 INFO ShutdownHookManager: Shutdown hook called
[2023-02-28 14:54:57,898] {spark_submit.py:495} INFO - 23/02/28 14:54:57 INFO ShutdownHookManager: Deleting directory /tmp/spark-7eefae5e-fb92-4bff-8c04-54f499eb91ec/pyspark-74cc52f3-8f1f-4bf2-b23f-e5082934d5d9
[2023-02-28 14:54:57,902] {spark_submit.py:495} INFO - 23/02/28 14:54:57 INFO ShutdownHookManager: Deleting directory /tmp/spark-7eefae5e-fb92-4bff-8c04-54f499eb91ec
[2023-02-28 14:54:57,906] {spark_submit.py:495} INFO - 23/02/28 14:54:57 INFO ShutdownHookManager: Deleting directory /tmp/spark-307dcad1-1ea4-4f3c-9a45-0f7962cc735b
[2023-02-28 14:54:58,025] {taskinstance.py:1889} ERROR - Task failed with exception
Traceback (most recent call last):
  File "/usr/local/lib/python3.7/site-packages/airflow/providers/apache/spark/operators/spark_submit.py", line 157, in execute
    self._hook.submit(self._application)
  File "/usr/local/lib/python3.7/site-packages/airflow/providers/apache/spark/hooks/spark_submit.py", line 427, in submit
    f"Cannot execute: {self._mask_cmd(spark_submit_cmd)}. Error code is: {returncode}."
airflow.exceptions.AirflowException: Cannot execute: spark-submit --master local[*] --name arrow-spark /hadoop-data/map_reduce/spark/average_price.py. Error code is: 1.
[2023-02-28 14:54:58,041] {taskinstance.py:1400} INFO - Marking task as FAILED. dag_id=avg_product_price, task_id=spark_submit, execution_date=20230228T144930, start_date=20230228T145446, end_date=20230228T145458
[2023-02-28 14:54:58,069] {standard_task_runner.py:97} ERROR - Failed to execute job 5 for task spark_submit (Cannot execute: spark-submit --master local[*] --name arrow-spark /hadoop-data/map_reduce/spark/average_price.py. Error code is: 1.; 1019)
[2023-02-28 14:54:58,081] {local_task_job.py:156} INFO - Task exited with return code 1
[2023-02-28 14:54:58,130] {local_task_job.py:273} INFO - 0 downstream tasks scheduled from follow-on schedule check
