[2023-03-02 14:22:13,922] {taskinstance.py:1159} INFO - Dependencies all met for <TaskInstance: avg_product_price.spark_submit manual__2023-03-02T14:22:09.641171+00:00 [queued]>
[2023-03-02 14:22:14,048] {taskinstance.py:1159} INFO - Dependencies all met for <TaskInstance: avg_product_price.spark_submit manual__2023-03-02T14:22:09.641171+00:00 [queued]>
[2023-03-02 14:22:14,051] {taskinstance.py:1356} INFO - 
--------------------------------------------------------------------------------
[2023-03-02 14:22:14,053] {taskinstance.py:1357} INFO - Starting attempt 1 of 2
[2023-03-02 14:22:14,055] {taskinstance.py:1358} INFO - 
--------------------------------------------------------------------------------
[2023-03-02 14:22:14,173] {taskinstance.py:1377} INFO - Executing <Task(SparkSubmitOperator): spark_submit> on 2023-03-02 14:22:09.641171+00:00
[2023-03-02 14:22:14,190] {standard_task_runner.py:52} INFO - Started process 197 to run task
[2023-03-02 14:22:14,197] {standard_task_runner.py:79} INFO - Running: ['***', 'tasks', 'run', 'avg_product_price', 'spark_submit', 'manual__2023-03-02T14:22:09.641171+00:00', '--job-id', '44', '--raw', '--subdir', 'DAGS_FOLDER/avg_product_price.py', '--cfg-path', '/tmp/tmp_33gmpp3', '--error-file', '/tmp/tmpx0mn3lg3']
[2023-03-02 14:22:14,206] {standard_task_runner.py:80} INFO - Job 44: Subtask spark_submit
[2023-03-02 14:22:14,421] {task_command.py:370} INFO - Running <TaskInstance: avg_product_price.spark_submit manual__2023-03-02T14:22:09.641171+00:00 [running]> on host 1e8147149b8a
[2023-03-02 14:22:14,844] {taskinstance.py:1571} INFO - Exporting the following env vars:
AIRFLOW_CTX_DAG_OWNER=ayyoub
AIRFLOW_CTX_DAG_ID=avg_product_price
AIRFLOW_CTX_TASK_ID=spark_submit
AIRFLOW_CTX_EXECUTION_DATE=2023-03-02T14:22:09.641171+00:00
AIRFLOW_CTX_TRY_NUMBER=1
AIRFLOW_CTX_DAG_RUN_ID=manual__2023-03-02T14:22:09.641171+00:00
[2023-03-02 14:22:14,905] {base.py:68} INFO - Using connection ID 'spark-hadoop' for task execution.
[2023-03-02 14:22:14,912] {spark_submit.py:344} INFO - Spark-Submit cmd: spark-submit --master local[*] --name arrow-spark /hadoop-data/map_reduce/spark/average_price.py
[2023-03-02 14:22:30,634] {spark_submit.py:495} INFO - 23/03/02 14:22:30 INFO SparkContext: Running Spark version 3.3.2
[2023-03-02 14:22:31,062] {spark_submit.py:495} INFO - 23/03/02 14:22:31 WARN NativeCodeLoader: Unable to load native-hadoop library for your platform... using builtin-java classes where applicable
[2023-03-02 14:22:31,532] {spark_submit.py:495} INFO - 23/03/02 14:22:31 INFO ResourceUtils: ==============================================================
[2023-03-02 14:22:31,534] {spark_submit.py:495} INFO - 23/03/02 14:22:31 INFO ResourceUtils: No custom resources configured for spark.driver.
[2023-03-02 14:22:31,536] {spark_submit.py:495} INFO - 23/03/02 14:22:31 INFO ResourceUtils: ==============================================================
[2023-03-02 14:22:31,537] {spark_submit.py:495} INFO - 23/03/02 14:22:31 INFO SparkContext: Submitted application: average_product_price
[2023-03-02 14:22:31,625] {spark_submit.py:495} INFO - 23/03/02 14:22:31 INFO ResourceProfile: Default ResourceProfile created, executor resources: Map(cores -> name: cores, amount: 1, script: , vendor: , memory -> name: memory, amount: 1024, script: , vendor: , offHeap -> name: offHeap, amount: 0, script: , vendor: ), task resources: Map(cpus -> name: cpus, amount: 1.0)
[2023-03-02 14:22:31,662] {spark_submit.py:495} INFO - 23/03/02 14:22:31 INFO ResourceProfile: Limiting resource is cpu
[2023-03-02 14:22:31,664] {spark_submit.py:495} INFO - 23/03/02 14:22:31 INFO ResourceProfileManager: Added ResourceProfile id: 0
[2023-03-02 14:22:31,881] {spark_submit.py:495} INFO - 23/03/02 14:22:31 INFO SecurityManager: Changing view acls to: ***
[2023-03-02 14:22:31,882] {spark_submit.py:495} INFO - 23/03/02 14:22:31 INFO SecurityManager: Changing modify acls to: ***
[2023-03-02 14:22:31,884] {spark_submit.py:495} INFO - 23/03/02 14:22:31 INFO SecurityManager: Changing view acls groups to:
[2023-03-02 14:22:31,886] {spark_submit.py:495} INFO - 23/03/02 14:22:31 INFO SecurityManager: Changing modify acls groups to:
[2023-03-02 14:22:31,888] {spark_submit.py:495} INFO - 23/03/02 14:22:31 INFO SecurityManager: SecurityManager: authentication disabled; ui acls disabled; users  with view permissions: Set(***); groups with view permissions: Set(); users  with modify permissions: Set(***); groups with modify permissions: Set()
[2023-03-02 14:22:32,978] {spark_submit.py:495} INFO - 23/03/02 14:22:32 INFO Utils: Successfully started service 'sparkDriver' on port 42443.
[2023-03-02 14:22:33,182] {spark_submit.py:495} INFO - 23/03/02 14:22:33 INFO SparkEnv: Registering MapOutputTracker
[2023-03-02 14:22:33,403] {spark_submit.py:495} INFO - 23/03/02 14:22:33 INFO SparkEnv: Registering BlockManagerMaster
[2023-03-02 14:22:33,501] {spark_submit.py:495} INFO - 23/03/02 14:22:33 INFO BlockManagerMasterEndpoint: Using org.apache.spark.storage.DefaultTopologyMapper for getting topology information
[2023-03-02 14:22:33,503] {spark_submit.py:495} INFO - 23/03/02 14:22:33 INFO BlockManagerMasterEndpoint: BlockManagerMasterEndpoint up
[2023-03-02 14:22:33,543] {spark_submit.py:495} INFO - 23/03/02 14:22:33 INFO SparkEnv: Registering BlockManagerMasterHeartbeat
[2023-03-02 14:22:33,783] {spark_submit.py:495} INFO - 23/03/02 14:22:33 INFO DiskBlockManager: Created local directory at /tmp/blockmgr-4c4ce49a-36b5-426d-84e8-79748e208db7
[2023-03-02 14:22:33,869] {spark_submit.py:495} INFO - 23/03/02 14:22:33 INFO MemoryStore: MemoryStore started with capacity 434.4 MiB
[2023-03-02 14:22:33,983] {spark_submit.py:495} INFO - 23/03/02 14:22:33 INFO SparkEnv: Registering OutputCommitCoordinator
[2023-03-02 14:22:34,951] {spark_submit.py:495} INFO - 23/03/02 14:22:34 INFO Utils: Successfully started service 'SparkUI' on port 4040.
[2023-03-02 14:22:35,734] {spark_submit.py:495} INFO - 23/03/02 14:22:35 INFO Executor: Starting executor ID driver on host 1e8147149b8a
[2023-03-02 14:22:35,759] {spark_submit.py:495} INFO - 23/03/02 14:22:35 INFO Executor: Starting executor with user classpath (userClassPathFirst = false): ''
[2023-03-02 14:22:35,911] {spark_submit.py:495} INFO - 23/03/02 14:22:35 INFO Utils: Successfully started service 'org.apache.spark.network.netty.NettyBlockTransferService' on port 42357.
[2023-03-02 14:22:35,912] {spark_submit.py:495} INFO - 23/03/02 14:22:35 INFO NettyBlockTransferService: Server created on 1e8147149b8a:42357
[2023-03-02 14:22:35,924] {spark_submit.py:495} INFO - 23/03/02 14:22:35 INFO BlockManager: Using org.apache.spark.storage.RandomBlockReplicationPolicy for block replication policy
[2023-03-02 14:22:35,977] {spark_submit.py:495} INFO - 23/03/02 14:22:35 INFO BlockManagerMaster: Registering BlockManager BlockManagerId(driver, 1e8147149b8a, 42357, None)
[2023-03-02 14:22:35,996] {spark_submit.py:495} INFO - 23/03/02 14:22:35 INFO BlockManagerMasterEndpoint: Registering block manager 1e8147149b8a:42357 with 434.4 MiB RAM, BlockManagerId(driver, 1e8147149b8a, 42357, None)
[2023-03-02 14:22:36,004] {spark_submit.py:495} INFO - 23/03/02 14:22:36 INFO BlockManagerMaster: Registered BlockManager BlockManagerId(driver, 1e8147149b8a, 42357, None)
[2023-03-02 14:22:36,009] {spark_submit.py:495} INFO - 23/03/02 14:22:36 INFO BlockManager: Initialized BlockManager: BlockManagerId(driver, 1e8147149b8a, 42357, None)
[2023-03-02 14:22:37,986] {spark_submit.py:495} INFO - /opt/spark-3.3.2-bin-hadoop3/python/lib/pyspark.zip/pyspark/sql/context.py:114: FutureWarning: Deprecated in 3.0.0. Use SparkSession.builder.getOrCreate() instead.
[2023-03-02 14:22:39,194] {spark_submit.py:495} INFO - 23/03/02 14:22:39 INFO SharedState: Setting hive.metastore.warehouse.dir ('null') to the value of spark.sql.warehouse.dir.
[2023-03-02 14:22:39,265] {spark_submit.py:495} INFO - 23/03/02 14:22:39 INFO SharedState: Warehouse path is 'file:/home/***/spark-warehouse'.
[2023-03-02 14:22:48,734] {spark_submit.py:495} INFO - 23/03/02 14:22:48 INFO InMemoryFileIndex: It took 660 ms to list leaf files for 1 paths.
[2023-03-02 14:22:49,098] {spark_submit.py:495} INFO - 23/03/02 14:22:49 INFO InMemoryFileIndex: It took 26 ms to list leaf files for 1 paths.
[2023-03-02 14:23:00,457] {spark_submit.py:495} INFO - 23/03/02 14:23:00 INFO FileSourceStrategy: Pushed Filters:
[2023-03-02 14:23:00,466] {spark_submit.py:495} INFO - 23/03/02 14:23:00 INFO FileSourceStrategy: Post-Scan Filters: (length(trim(value#0, None)) > 0)
[2023-03-02 14:23:00,481] {spark_submit.py:495} INFO - 23/03/02 14:23:00 INFO FileSourceStrategy: Output Data Schema: struct<value: string>
[2023-03-02 14:23:02,670] {spark_submit.py:495} INFO - 23/03/02 14:23:02 INFO CodeGenerator: Code generated in 531.710041 ms
[2023-03-02 14:23:02,902] {spark_submit.py:495} INFO - 23/03/02 14:23:02 INFO MemoryStore: Block broadcast_0 stored as values in memory (estimated size 210.1 KiB, free 434.2 MiB)
[2023-03-02 14:23:03,156] {spark_submit.py:495} INFO - 23/03/02 14:23:03 INFO MemoryStore: Block broadcast_0_piece0 stored as bytes in memory (estimated size 35.5 KiB, free 434.2 MiB)
[2023-03-02 14:23:03,165] {spark_submit.py:495} INFO - 23/03/02 14:23:03 INFO BlockManagerInfo: Added broadcast_0_piece0 in memory on 1e8147149b8a:42357 (size: 35.5 KiB, free: 434.4 MiB)
[2023-03-02 14:23:03,194] {spark_submit.py:495} INFO - 23/03/02 14:23:03 INFO SparkContext: Created broadcast 0 from csv at NativeMethodAccessorImpl.java:0
[2023-03-02 14:23:03,233] {spark_submit.py:495} INFO - 23/03/02 14:23:03 INFO FileSourceScanExec: Planning scan with bin packing, max size: 4194304 bytes, open cost is considered as scanning 4194304 bytes.
[2023-03-02 14:23:03,697] {spark_submit.py:495} INFO - 23/03/02 14:23:03 INFO SparkContext: Starting job: csv at NativeMethodAccessorImpl.java:0
[2023-03-02 14:23:03,762] {spark_submit.py:495} INFO - 23/03/02 14:23:03 INFO DAGScheduler: Got job 0 (csv at NativeMethodAccessorImpl.java:0) with 1 output partitions
[2023-03-02 14:23:03,763] {spark_submit.py:495} INFO - 23/03/02 14:23:03 INFO DAGScheduler: Final stage: ResultStage 0 (csv at NativeMethodAccessorImpl.java:0)
[2023-03-02 14:23:03,765] {spark_submit.py:495} INFO - 23/03/02 14:23:03 INFO DAGScheduler: Parents of final stage: List()
[2023-03-02 14:23:03,780] {spark_submit.py:495} INFO - 23/03/02 14:23:03 INFO DAGScheduler: Missing parents: List()
[2023-03-02 14:23:03,805] {spark_submit.py:495} INFO - 23/03/02 14:23:03 INFO DAGScheduler: Submitting ResultStage 0 (MapPartitionsRDD[3] at csv at NativeMethodAccessorImpl.java:0), which has no missing parents
[2023-03-02 14:23:04,073] {spark_submit.py:495} INFO - 23/03/02 14:23:04 INFO MemoryStore: Block broadcast_1 stored as values in memory (estimated size 11.8 KiB, free 434.1 MiB)
[2023-03-02 14:23:04,120] {spark_submit.py:495} INFO - 23/03/02 14:23:04 INFO MemoryStore: Block broadcast_1_piece0 stored as bytes in memory (estimated size 5.9 KiB, free 434.1 MiB)
[2023-03-02 14:23:04,124] {spark_submit.py:495} INFO - 23/03/02 14:23:04 INFO BlockManagerInfo: Added broadcast_1_piece0 in memory on 1e8147149b8a:42357 (size: 5.9 KiB, free: 434.4 MiB)
[2023-03-02 14:23:04,129] {spark_submit.py:495} INFO - 23/03/02 14:23:04 INFO SparkContext: Created broadcast 1 from broadcast at DAGScheduler.scala:1513
[2023-03-02 14:23:04,228] {spark_submit.py:495} INFO - 23/03/02 14:23:04 INFO DAGScheduler: Submitting 1 missing tasks from ResultStage 0 (MapPartitionsRDD[3] at csv at NativeMethodAccessorImpl.java:0) (first 15 tasks are for partitions Vector(0))
[2023-03-02 14:23:04,232] {spark_submit.py:495} INFO - 23/03/02 14:23:04 INFO TaskSchedulerImpl: Adding task set 0.0 with 1 tasks resource profile 0
[2023-03-02 14:23:04,411] {spark_submit.py:495} INFO - 23/03/02 14:23:04 INFO TaskSetManager: Starting task 0.0 in stage 0.0 (TID 0) (1e8147149b8a, executor driver, partition 0, ANY, 4917 bytes) taskResourceAssignments Map()
[2023-03-02 14:23:04,463] {spark_submit.py:495} INFO - 23/03/02 14:23:04 INFO Executor: Running task 0.0 in stage 0.0 (TID 0)
[2023-03-02 14:23:05,347] {spark_submit.py:495} INFO - 23/03/02 14:23:05 INFO FileScanRDD: Reading File path: hdfs://namenode:8020/user/root/input/Sales.csv, range: 0-1611733, partition values: [empty row]
[2023-03-02 14:23:05,413] {spark_submit.py:495} INFO - 23/03/02 14:23:05 INFO CodeGenerator: Code generated in 48.057649 ms
[2023-03-02 14:23:06,618] {spark_submit.py:495} INFO - 23/03/02 14:23:06 INFO Executor: Finished task 0.0 in stage 0.0 (TID 0). 1673 bytes result sent to driver
[2023-03-02 14:23:06,645] {spark_submit.py:495} INFO - 23/03/02 14:23:06 INFO TaskSetManager: Finished task 0.0 in stage 0.0 (TID 0) in 2266 ms on 1e8147149b8a (executor driver) (1/1)
[2023-03-02 14:23:06,651] {spark_submit.py:495} INFO - 23/03/02 14:23:06 INFO TaskSchedulerImpl: Removed TaskSet 0.0, whose tasks have all completed, from pool
[2023-03-02 14:23:06,687] {spark_submit.py:495} INFO - 23/03/02 14:23:06 INFO DAGScheduler: ResultStage 0 (csv at NativeMethodAccessorImpl.java:0) finished in 2.802 s
[2023-03-02 14:23:06,701] {spark_submit.py:495} INFO - 23/03/02 14:23:06 INFO DAGScheduler: Job 0 is finished. Cancelling potential speculative or zombie tasks for this job
[2023-03-02 14:23:06,702] {spark_submit.py:495} INFO - 23/03/02 14:23:06 INFO TaskSchedulerImpl: Killing all running tasks in stage 0: Stage finished
[2023-03-02 14:23:06,713] {spark_submit.py:495} INFO - 23/03/02 14:23:06 INFO DAGScheduler: Job 0 finished: csv at NativeMethodAccessorImpl.java:0, took 3.013746 s
[2023-03-02 14:23:06,826] {spark_submit.py:495} INFO - 23/03/02 14:23:06 INFO CodeGenerator: Code generated in 48.960014 ms
[2023-03-02 14:23:07,168] {spark_submit.py:495} INFO - 23/03/02 14:23:07 INFO FileSourceStrategy: Pushed Filters:
[2023-03-02 14:23:07,172] {spark_submit.py:495} INFO - 23/03/02 14:23:07 INFO FileSourceStrategy: Post-Scan Filters:
[2023-03-02 14:23:07,174] {spark_submit.py:495} INFO - 23/03/02 14:23:07 INFO FileSourceStrategy: Output Data Schema: struct<value: string>
[2023-03-02 14:23:07,217] {spark_submit.py:495} INFO - 23/03/02 14:23:07 INFO MemoryStore: Block broadcast_2 stored as values in memory (estimated size 210.1 KiB, free 433.9 MiB)
[2023-03-02 14:23:07,264] {spark_submit.py:495} INFO - 23/03/02 14:23:07 INFO BlockManagerInfo: Removed broadcast_1_piece0 on 1e8147149b8a:42357 in memory (size: 5.9 KiB, free: 434.4 MiB)
[2023-03-02 14:23:07,326] {spark_submit.py:495} INFO - 23/03/02 14:23:07 INFO MemoryStore: Block broadcast_2_piece0 stored as bytes in memory (estimated size 35.5 KiB, free 433.9 MiB)
[2023-03-02 14:23:07,449] {spark_submit.py:495} INFO - 23/03/02 14:23:07 INFO BlockManagerInfo: Added broadcast_2_piece0 in memory on 1e8147149b8a:42357 (size: 35.5 KiB, free: 434.3 MiB)
[2023-03-02 14:23:07,456] {spark_submit.py:495} INFO - 23/03/02 14:23:07 INFO SparkContext: Created broadcast 2 from csv at NativeMethodAccessorImpl.java:0
[2023-03-02 14:23:07,458] {spark_submit.py:495} INFO - 23/03/02 14:23:07 INFO BlockManagerInfo: Removed broadcast_0_piece0 on 1e8147149b8a:42357 in memory (size: 35.5 KiB, free: 434.4 MiB)
[2023-03-02 14:23:07,471] {spark_submit.py:495} INFO - 23/03/02 14:23:07 INFO FileSourceScanExec: Planning scan with bin packing, max size: 4194304 bytes, open cost is considered as scanning 4194304 bytes.
[2023-03-02 14:23:08,944] {spark_submit.py:495} INFO - 23/03/02 14:23:08 INFO FileSourceStrategy: Pushed Filters:
[2023-03-02 14:23:08,947] {spark_submit.py:495} INFO - 23/03/02 14:23:08 INFO FileSourceStrategy: Post-Scan Filters:
[2023-03-02 14:23:08,948] {spark_submit.py:495} INFO - 23/03/02 14:23:08 INFO FileSourceStrategy: Output Data Schema: struct<Product: string, Price Each: string>
[2023-03-02 14:23:10,249] {spark_submit.py:495} INFO - Traceback (most recent call last):
[2023-03-02 14:23:10,251] {spark_submit.py:495} INFO - File "/hadoop-data/map_reduce/spark/average_price.py", line 20, in <module>
[2023-03-02 14:23:10,263] {spark_submit.py:495} INFO - calculate_avg()
[2023-03-02 14:23:10,265] {spark_submit.py:495} INFO - File "/hadoop-data/map_reduce/spark/average_price.py", line 11, in calculate_avg
[2023-03-02 14:23:10,273] {spark_submit.py:495} INFO - df_avg.write.option("header",True).csv('hdfs://namenode:8020/user/root/output/average_price.csv')
[2023-03-02 14:23:10,274] {spark_submit.py:495} INFO - File "/opt/spark-3.3.2-bin-hadoop3/python/lib/pyspark.zip/pyspark/sql/readwriter.py", line 1240, in csv
[2023-03-02 14:23:10,363] {spark_submit.py:495} INFO - File "/opt/spark-3.3.2-bin-hadoop3/python/lib/py4j-0.10.9.5-src.zip/py4j/java_gateway.py", line 1322, in __call__
[2023-03-02 14:23:10,370] {spark_submit.py:495} INFO - File "/opt/spark-3.3.2-bin-hadoop3/python/lib/pyspark.zip/pyspark/sql/utils.py", line 196, in deco
[2023-03-02 14:23:10,395] {spark_submit.py:495} INFO - pyspark.sql.utils.AnalysisException: path hdfs://namenode:8020/user/root/output/average_price.csv already exists.
[2023-03-02 14:23:10,723] {spark_submit.py:495} INFO - 23/03/02 14:23:10 INFO SparkContext: Invoking stop() from shutdown hook
[2023-03-02 14:23:10,810] {spark_submit.py:495} INFO - 23/03/02 14:23:10 INFO SparkUI: Stopped Spark web UI at http://1e8147149b8a:4040
[2023-03-02 14:23:10,905] {spark_submit.py:495} INFO - 23/03/02 14:23:10 INFO MapOutputTrackerMasterEndpoint: MapOutputTrackerMasterEndpoint stopped!
[2023-03-02 14:23:11,066] {spark_submit.py:495} INFO - 23/03/02 14:23:11 INFO MemoryStore: MemoryStore cleared
[2023-03-02 14:23:11,068] {spark_submit.py:495} INFO - 23/03/02 14:23:11 INFO BlockManager: BlockManager stopped
[2023-03-02 14:23:11,080] {spark_submit.py:495} INFO - 23/03/02 14:23:11 INFO BlockManagerMaster: BlockManagerMaster stopped
[2023-03-02 14:23:11,094] {spark_submit.py:495} INFO - 23/03/02 14:23:11 INFO OutputCommitCoordinator$OutputCommitCoordinatorEndpoint: OutputCommitCoordinator stopped!
[2023-03-02 14:23:11,119] {spark_submit.py:495} INFO - 23/03/02 14:23:11 INFO SparkContext: Successfully stopped SparkContext
[2023-03-02 14:23:11,122] {spark_submit.py:495} INFO - 23/03/02 14:23:11 INFO ShutdownHookManager: Shutdown hook called
[2023-03-02 14:23:11,124] {spark_submit.py:495} INFO - 23/03/02 14:23:11 INFO ShutdownHookManager: Deleting directory /tmp/spark-afa6a437-1ebc-4acd-a543-7e687a236c2f
[2023-03-02 14:23:11,141] {spark_submit.py:495} INFO - 23/03/02 14:23:11 INFO ShutdownHookManager: Deleting directory /tmp/spark-70346baa-8d6f-4848-9685-4c36f46cf7f1
[2023-03-02 14:23:11,154] {spark_submit.py:495} INFO - 23/03/02 14:23:11 INFO ShutdownHookManager: Deleting directory /tmp/spark-afa6a437-1ebc-4acd-a543-7e687a236c2f/pyspark-f29f5c60-1c5e-4dce-9b51-453227878372
[2023-03-02 14:23:11,604] {taskinstance.py:1889} ERROR - Task failed with exception
Traceback (most recent call last):
  File "/usr/local/lib/python3.7/site-packages/airflow/providers/apache/spark/operators/spark_submit.py", line 157, in execute
    self._hook.submit(self._application)
  File "/usr/local/lib/python3.7/site-packages/airflow/providers/apache/spark/hooks/spark_submit.py", line 427, in submit
    f"Cannot execute: {self._mask_cmd(spark_submit_cmd)}. Error code is: {returncode}."
airflow.exceptions.AirflowException: Cannot execute: spark-submit --master local[*] --name arrow-spark /hadoop-data/map_reduce/spark/average_price.py. Error code is: 1.
[2023-03-02 14:23:11,670] {taskinstance.py:1400} INFO - Marking task as UP_FOR_RETRY. dag_id=avg_product_price, task_id=spark_submit, execution_date=20230302T142209, start_date=20230302T142213, end_date=20230302T142311
[2023-03-02 14:23:11,738] {standard_task_runner.py:97} ERROR - Failed to execute job 44 for task spark_submit (Cannot execute: spark-submit --master local[*] --name arrow-spark /hadoop-data/map_reduce/spark/average_price.py. Error code is: 1.; 197)
[2023-03-02 14:23:11,781] {local_task_job.py:156} INFO - Task exited with return code 1
[2023-03-02 14:23:11,911] {local_task_job.py:273} INFO - 0 downstream tasks scheduled from follow-on schedule check
