[2023-03-02 13:43:46,931] {taskinstance.py:1159} INFO - Dependencies all met for <TaskInstance: avg_product_price.spark_submit manual__2023-03-02T13:43:43.598576+00:00 [queued]>
[2023-03-02 13:43:46,992] {taskinstance.py:1159} INFO - Dependencies all met for <TaskInstance: avg_product_price.spark_submit manual__2023-03-02T13:43:43.598576+00:00 [queued]>
[2023-03-02 13:43:46,994] {taskinstance.py:1356} INFO - 
--------------------------------------------------------------------------------
[2023-03-02 13:43:46,995] {taskinstance.py:1357} INFO - Starting attempt 1 of 2
[2023-03-02 13:43:46,996] {taskinstance.py:1358} INFO - 
--------------------------------------------------------------------------------
[2023-03-02 13:43:47,111] {taskinstance.py:1377} INFO - Executing <Task(SparkSubmitOperator): spark_submit> on 2023-03-02 13:43:43.598576+00:00
[2023-03-02 13:43:47,122] {standard_task_runner.py:52} INFO - Started process 674 to run task
[2023-03-02 13:43:47,131] {standard_task_runner.py:79} INFO - Running: ['***', 'tasks', 'run', 'avg_product_price', 'spark_submit', 'manual__2023-03-02T13:43:43.598576+00:00', '--job-id', '9', '--raw', '--subdir', 'DAGS_FOLDER/avg_product_price.py', '--cfg-path', '/tmp/tmpz4ikaxo5', '--error-file', '/tmp/tmp1q4i58rw']
[2023-03-02 13:43:47,138] {standard_task_runner.py:80} INFO - Job 9: Subtask spark_submit
[2023-03-02 13:43:47,330] {task_command.py:370} INFO - Running <TaskInstance: avg_product_price.spark_submit manual__2023-03-02T13:43:43.598576+00:00 [running]> on host 955b42728ca0
[2023-03-02 13:43:47,789] {taskinstance.py:1571} INFO - Exporting the following env vars:
AIRFLOW_CTX_DAG_OWNER=ayyoub
AIRFLOW_CTX_DAG_ID=avg_product_price
AIRFLOW_CTX_TASK_ID=spark_submit
AIRFLOW_CTX_EXECUTION_DATE=2023-03-02T13:43:43.598576+00:00
AIRFLOW_CTX_TRY_NUMBER=1
AIRFLOW_CTX_DAG_RUN_ID=manual__2023-03-02T13:43:43.598576+00:00
[2023-03-02 13:43:47,881] {base.py:68} INFO - Using connection ID 'spark-hadoop' for task execution.
[2023-03-02 13:43:47,889] {spark_submit.py:344} INFO - Spark-Submit cmd: spark-submit --master local[*] --name arrow-spark /hadoop-data/map_reduce/spark/average_price.py
