[2023-03-02 13:21:44,086] {processor.py:153} INFO - Started process (PID=178) to work on /home/airflow/dags/lowest_rated_movies.py
[2023-03-02 13:21:44,103] {processor.py:641} INFO - Processing file /home/airflow/dags/lowest_rated_movies.py for tasks to queue
[2023-03-02 13:21:44,109] {logging_mixin.py:115} INFO - [2023-03-02 13:21:44,109] {dagbag.py:507} INFO - Filling up the DagBag from /home/airflow/dags/lowest_rated_movies.py
[2023-03-02 13:21:44,300] {processor.py:651} INFO - DAG(s) dict_keys(['lowest_rated_movies']) retrieved from /home/airflow/dags/lowest_rated_movies.py
[2023-03-02 13:21:44,519] {logging_mixin.py:115} INFO - [2023-03-02 13:21:44,519] {dag.py:2379} INFO - Sync 1 DAGs
[2023-03-02 13:21:44,654] {logging_mixin.py:115} INFO - [2023-03-02 13:21:44,654] {dag.py:2931} INFO - Setting next_dagrun for lowest_rated_movies to None, run_after=None
[2023-03-02 13:21:44,706] {processor.py:161} INFO - Processing /home/airflow/dags/lowest_rated_movies.py took 0.649 seconds
[2023-03-02 13:22:15,462] {processor.py:153} INFO - Started process (PID=190) to work on /home/airflow/dags/lowest_rated_movies.py
[2023-03-02 13:22:15,467] {processor.py:641} INFO - Processing file /home/airflow/dags/lowest_rated_movies.py for tasks to queue
[2023-03-02 13:22:15,494] {logging_mixin.py:115} INFO - [2023-03-02 13:22:15,490] {dagbag.py:507} INFO - Filling up the DagBag from /home/airflow/dags/lowest_rated_movies.py
[2023-03-02 13:22:15,620] {processor.py:651} INFO - DAG(s) dict_keys(['lowest_rated_movies']) retrieved from /home/airflow/dags/lowest_rated_movies.py
[2023-03-02 13:22:15,748] {logging_mixin.py:115} INFO - [2023-03-02 13:22:15,748] {dag.py:2379} INFO - Sync 1 DAGs
[2023-03-02 13:22:16,060] {logging_mixin.py:115} INFO - [2023-03-02 13:22:16,059] {dag.py:2931} INFO - Setting next_dagrun for lowest_rated_movies to None, run_after=None
[2023-03-02 13:22:16,176] {processor.py:161} INFO - Processing /home/airflow/dags/lowest_rated_movies.py took 0.732 seconds
[2023-03-02 13:22:46,680] {processor.py:153} INFO - Started process (PID=199) to work on /home/airflow/dags/lowest_rated_movies.py
[2023-03-02 13:22:46,683] {processor.py:641} INFO - Processing file /home/airflow/dags/lowest_rated_movies.py for tasks to queue
[2023-03-02 13:22:46,686] {logging_mixin.py:115} INFO - [2023-03-02 13:22:46,686] {dagbag.py:507} INFO - Filling up the DagBag from /home/airflow/dags/lowest_rated_movies.py
[2023-03-02 13:22:46,785] {processor.py:651} INFO - DAG(s) dict_keys(['lowest_rated_movies']) retrieved from /home/airflow/dags/lowest_rated_movies.py
[2023-03-02 13:22:46,971] {logging_mixin.py:115} INFO - [2023-03-02 13:22:46,970] {dag.py:2379} INFO - Sync 1 DAGs
[2023-03-02 13:22:47,042] {logging_mixin.py:115} INFO - [2023-03-02 13:22:47,042] {dag.py:2931} INFO - Setting next_dagrun for lowest_rated_movies to None, run_after=None
[2023-03-02 13:22:47,087] {processor.py:161} INFO - Processing /home/airflow/dags/lowest_rated_movies.py took 0.429 seconds
[2023-03-02 13:23:17,579] {processor.py:153} INFO - Started process (PID=208) to work on /home/airflow/dags/lowest_rated_movies.py
[2023-03-02 13:23:17,582] {processor.py:641} INFO - Processing file /home/airflow/dags/lowest_rated_movies.py for tasks to queue
[2023-03-02 13:23:17,590] {logging_mixin.py:115} INFO - [2023-03-02 13:23:17,590] {dagbag.py:507} INFO - Filling up the DagBag from /home/airflow/dags/lowest_rated_movies.py
[2023-03-02 13:23:18,706] {processor.py:651} INFO - DAG(s) dict_keys(['lowest_rated_movies']) retrieved from /home/airflow/dags/lowest_rated_movies.py
[2023-03-02 13:23:19,096] {logging_mixin.py:115} INFO - [2023-03-02 13:23:19,096] {dag.py:2379} INFO - Sync 1 DAGs
[2023-03-02 13:23:19,165] {logging_mixin.py:115} INFO - [2023-03-02 13:23:19,165] {dag.py:2931} INFO - Setting next_dagrun for lowest_rated_movies to None, run_after=None
[2023-03-02 13:23:19,210] {processor.py:161} INFO - Processing /home/airflow/dags/lowest_rated_movies.py took 1.637 seconds
[2023-03-02 13:23:49,702] {processor.py:153} INFO - Started process (PID=220) to work on /home/airflow/dags/lowest_rated_movies.py
[2023-03-02 13:23:49,705] {processor.py:641} INFO - Processing file /home/airflow/dags/lowest_rated_movies.py for tasks to queue
[2023-03-02 13:23:49,709] {logging_mixin.py:115} INFO - [2023-03-02 13:23:49,708] {dagbag.py:507} INFO - Filling up the DagBag from /home/airflow/dags/lowest_rated_movies.py
[2023-03-02 13:23:49,809] {processor.py:651} INFO - DAG(s) dict_keys(['lowest_rated_movies']) retrieved from /home/airflow/dags/lowest_rated_movies.py
[2023-03-02 13:23:49,862] {logging_mixin.py:115} INFO - [2023-03-02 13:23:49,862] {dag.py:2379} INFO - Sync 1 DAGs
[2023-03-02 13:23:49,930] {logging_mixin.py:115} INFO - [2023-03-02 13:23:49,930] {dag.py:2931} INFO - Setting next_dagrun for lowest_rated_movies to None, run_after=None
[2023-03-02 13:23:49,964] {processor.py:161} INFO - Processing /home/airflow/dags/lowest_rated_movies.py took 0.303 seconds
[2023-03-02 13:24:20,397] {processor.py:153} INFO - Started process (PID=229) to work on /home/airflow/dags/lowest_rated_movies.py
[2023-03-02 13:24:20,399] {processor.py:641} INFO - Processing file /home/airflow/dags/lowest_rated_movies.py for tasks to queue
[2023-03-02 13:24:20,402] {logging_mixin.py:115} INFO - [2023-03-02 13:24:20,402] {dagbag.py:507} INFO - Filling up the DagBag from /home/airflow/dags/lowest_rated_movies.py
[2023-03-02 13:24:20,572] {processor.py:651} INFO - DAG(s) dict_keys(['lowest_rated_movies']) retrieved from /home/airflow/dags/lowest_rated_movies.py
[2023-03-02 13:24:20,713] {logging_mixin.py:115} INFO - [2023-03-02 13:24:20,713] {dag.py:2379} INFO - Sync 1 DAGs
[2023-03-02 13:24:20,778] {logging_mixin.py:115} INFO - [2023-03-02 13:24:20,778] {dag.py:2931} INFO - Setting next_dagrun for lowest_rated_movies to None, run_after=None
[2023-03-02 13:24:20,810] {processor.py:161} INFO - Processing /home/airflow/dags/lowest_rated_movies.py took 0.433 seconds
[2023-03-02 13:24:51,248] {processor.py:153} INFO - Started process (PID=239) to work on /home/airflow/dags/lowest_rated_movies.py
[2023-03-02 13:24:51,250] {processor.py:641} INFO - Processing file /home/airflow/dags/lowest_rated_movies.py for tasks to queue
[2023-03-02 13:24:51,253] {logging_mixin.py:115} INFO - [2023-03-02 13:24:51,253] {dagbag.py:507} INFO - Filling up the DagBag from /home/airflow/dags/lowest_rated_movies.py
[2023-03-02 13:24:51,348] {processor.py:651} INFO - DAG(s) dict_keys(['lowest_rated_movies']) retrieved from /home/airflow/dags/lowest_rated_movies.py
[2023-03-02 13:24:51,609] {logging_mixin.py:115} INFO - [2023-03-02 13:24:51,609] {dag.py:2379} INFO - Sync 1 DAGs
[2023-03-02 13:24:51,678] {logging_mixin.py:115} INFO - [2023-03-02 13:24:51,678] {dag.py:2931} INFO - Setting next_dagrun for lowest_rated_movies to None, run_after=None
[2023-03-02 13:24:51,718] {processor.py:161} INFO - Processing /home/airflow/dags/lowest_rated_movies.py took 0.481 seconds
[2023-03-02 13:25:22,093] {processor.py:153} INFO - Started process (PID=249) to work on /home/airflow/dags/lowest_rated_movies.py
[2023-03-02 13:25:22,095] {processor.py:641} INFO - Processing file /home/airflow/dags/lowest_rated_movies.py for tasks to queue
[2023-03-02 13:25:22,096] {logging_mixin.py:115} INFO - [2023-03-02 13:25:22,096] {dagbag.py:507} INFO - Filling up the DagBag from /home/airflow/dags/lowest_rated_movies.py
[2023-03-02 13:25:22,161] {processor.py:651} INFO - DAG(s) dict_keys(['lowest_rated_movies']) retrieved from /home/airflow/dags/lowest_rated_movies.py
[2023-03-02 13:25:22,283] {logging_mixin.py:115} INFO - [2023-03-02 13:25:22,283] {dag.py:2379} INFO - Sync 1 DAGs
[2023-03-02 13:25:22,376] {logging_mixin.py:115} INFO - [2023-03-02 13:25:22,375] {dag.py:2931} INFO - Setting next_dagrun for lowest_rated_movies to None, run_after=None
[2023-03-02 13:25:22,467] {processor.py:161} INFO - Processing /home/airflow/dags/lowest_rated_movies.py took 0.382 seconds
[2023-03-02 13:25:52,948] {processor.py:153} INFO - Started process (PID=258) to work on /home/airflow/dags/lowest_rated_movies.py
[2023-03-02 13:25:52,950] {processor.py:641} INFO - Processing file /home/airflow/dags/lowest_rated_movies.py for tasks to queue
[2023-03-02 13:25:52,952] {logging_mixin.py:115} INFO - [2023-03-02 13:25:52,952] {dagbag.py:507} INFO - Filling up the DagBag from /home/airflow/dags/lowest_rated_movies.py
[2023-03-02 13:25:53,066] {processor.py:651} INFO - DAG(s) dict_keys(['lowest_rated_movies']) retrieved from /home/airflow/dags/lowest_rated_movies.py
[2023-03-02 13:25:53,307] {logging_mixin.py:115} INFO - [2023-03-02 13:25:53,306] {dag.py:2379} INFO - Sync 1 DAGs
[2023-03-02 13:25:53,410] {logging_mixin.py:115} INFO - [2023-03-02 13:25:53,409] {dag.py:2931} INFO - Setting next_dagrun for lowest_rated_movies to None, run_after=None
[2023-03-02 13:25:53,497] {processor.py:161} INFO - Processing /home/airflow/dags/lowest_rated_movies.py took 0.561 seconds
[2023-03-02 13:26:24,202] {processor.py:153} INFO - Started process (PID=268) to work on /home/airflow/dags/lowest_rated_movies.py
[2023-03-02 13:26:24,204] {processor.py:641} INFO - Processing file /home/airflow/dags/lowest_rated_movies.py for tasks to queue
[2023-03-02 13:26:24,207] {logging_mixin.py:115} INFO - [2023-03-02 13:26:24,207] {dagbag.py:507} INFO - Filling up the DagBag from /home/airflow/dags/lowest_rated_movies.py
[2023-03-02 13:26:24,363] {processor.py:651} INFO - DAG(s) dict_keys(['lowest_rated_movies']) retrieved from /home/airflow/dags/lowest_rated_movies.py
[2023-03-02 13:26:24,517] {logging_mixin.py:115} INFO - [2023-03-02 13:26:24,517] {dag.py:2379} INFO - Sync 1 DAGs
[2023-03-02 13:26:24,624] {logging_mixin.py:115} INFO - [2023-03-02 13:26:24,624] {dag.py:2931} INFO - Setting next_dagrun for lowest_rated_movies to None, run_after=None
[2023-03-02 13:26:24,670] {processor.py:161} INFO - Processing /home/airflow/dags/lowest_rated_movies.py took 0.479 seconds
[2023-03-02 13:26:54,939] {processor.py:153} INFO - Started process (PID=278) to work on /home/airflow/dags/lowest_rated_movies.py
[2023-03-02 13:26:54,942] {processor.py:641} INFO - Processing file /home/airflow/dags/lowest_rated_movies.py for tasks to queue
[2023-03-02 13:26:54,944] {logging_mixin.py:115} INFO - [2023-03-02 13:26:54,944] {dagbag.py:507} INFO - Filling up the DagBag from /home/airflow/dags/lowest_rated_movies.py
[2023-03-02 13:26:55,079] {processor.py:651} INFO - DAG(s) dict_keys(['lowest_rated_movies']) retrieved from /home/airflow/dags/lowest_rated_movies.py
[2023-03-02 13:26:55,298] {logging_mixin.py:115} INFO - [2023-03-02 13:26:55,298] {dag.py:2379} INFO - Sync 1 DAGs
[2023-03-02 13:26:55,341] {logging_mixin.py:115} INFO - [2023-03-02 13:26:55,341] {dag.py:2931} INFO - Setting next_dagrun for lowest_rated_movies to None, run_after=None
[2023-03-02 13:26:55,375] {processor.py:161} INFO - Processing /home/airflow/dags/lowest_rated_movies.py took 0.448 seconds
[2023-03-02 13:27:25,618] {processor.py:153} INFO - Started process (PID=288) to work on /home/airflow/dags/lowest_rated_movies.py
[2023-03-02 13:27:25,623] {processor.py:641} INFO - Processing file /home/airflow/dags/lowest_rated_movies.py for tasks to queue
[2023-03-02 13:27:25,626] {logging_mixin.py:115} INFO - [2023-03-02 13:27:25,625] {dagbag.py:507} INFO - Filling up the DagBag from /home/airflow/dags/lowest_rated_movies.py
[2023-03-02 13:27:25,777] {processor.py:651} INFO - DAG(s) dict_keys(['lowest_rated_movies']) retrieved from /home/airflow/dags/lowest_rated_movies.py
[2023-03-02 13:27:25,970] {logging_mixin.py:115} INFO - [2023-03-02 13:27:25,970] {dag.py:2379} INFO - Sync 1 DAGs
[2023-03-02 13:27:26,018] {logging_mixin.py:115} INFO - [2023-03-02 13:27:26,017] {dag.py:2931} INFO - Setting next_dagrun for lowest_rated_movies to None, run_after=None
[2023-03-02 13:27:26,052] {processor.py:161} INFO - Processing /home/airflow/dags/lowest_rated_movies.py took 0.455 seconds
[2023-03-02 13:27:56,282] {processor.py:153} INFO - Started process (PID=300) to work on /home/airflow/dags/lowest_rated_movies.py
[2023-03-02 13:27:56,284] {processor.py:641} INFO - Processing file /home/airflow/dags/lowest_rated_movies.py for tasks to queue
[2023-03-02 13:27:56,286] {logging_mixin.py:115} INFO - [2023-03-02 13:27:56,286] {dagbag.py:507} INFO - Filling up the DagBag from /home/airflow/dags/lowest_rated_movies.py
[2023-03-02 13:27:56,378] {processor.py:651} INFO - DAG(s) dict_keys(['lowest_rated_movies']) retrieved from /home/airflow/dags/lowest_rated_movies.py
[2023-03-02 13:27:56,513] {logging_mixin.py:115} INFO - [2023-03-02 13:27:56,513] {dag.py:2379} INFO - Sync 1 DAGs
[2023-03-02 13:27:56,553] {logging_mixin.py:115} INFO - [2023-03-02 13:27:56,552] {dag.py:2931} INFO - Setting next_dagrun for lowest_rated_movies to None, run_after=None
[2023-03-02 13:27:56,584] {processor.py:161} INFO - Processing /home/airflow/dags/lowest_rated_movies.py took 0.310 seconds
[2023-03-02 13:28:26,909] {processor.py:153} INFO - Started process (PID=309) to work on /home/airflow/dags/lowest_rated_movies.py
[2023-03-02 13:28:26,911] {processor.py:641} INFO - Processing file /home/airflow/dags/lowest_rated_movies.py for tasks to queue
[2023-03-02 13:28:26,914] {logging_mixin.py:115} INFO - [2023-03-02 13:28:26,914] {dagbag.py:507} INFO - Filling up the DagBag from /home/airflow/dags/lowest_rated_movies.py
[2023-03-02 13:28:27,334] {processor.py:651} INFO - DAG(s) dict_keys(['lowest_rated_movies']) retrieved from /home/airflow/dags/lowest_rated_movies.py
[2023-03-02 13:28:27,708] {logging_mixin.py:115} INFO - [2023-03-02 13:28:27,708] {dag.py:2379} INFO - Sync 1 DAGs
[2023-03-02 13:28:27,777] {logging_mixin.py:115} INFO - [2023-03-02 13:28:27,777] {dag.py:2931} INFO - Setting next_dagrun for lowest_rated_movies to None, run_after=None
[2023-03-02 13:28:27,815] {processor.py:161} INFO - Processing /home/airflow/dags/lowest_rated_movies.py took 0.914 seconds
[2023-03-02 13:28:58,400] {processor.py:153} INFO - Started process (PID=319) to work on /home/airflow/dags/lowest_rated_movies.py
[2023-03-02 13:28:58,403] {processor.py:641} INFO - Processing file /home/airflow/dags/lowest_rated_movies.py for tasks to queue
[2023-03-02 13:28:58,407] {logging_mixin.py:115} INFO - [2023-03-02 13:28:58,407] {dagbag.py:507} INFO - Filling up the DagBag from /home/airflow/dags/lowest_rated_movies.py
[2023-03-02 13:28:58,504] {processor.py:651} INFO - DAG(s) dict_keys(['lowest_rated_movies']) retrieved from /home/airflow/dags/lowest_rated_movies.py
[2023-03-02 13:28:58,624] {logging_mixin.py:115} INFO - [2023-03-02 13:28:58,624] {dag.py:2379} INFO - Sync 1 DAGs
[2023-03-02 13:28:58,692] {logging_mixin.py:115} INFO - [2023-03-02 13:28:58,692] {dag.py:2931} INFO - Setting next_dagrun for lowest_rated_movies to None, run_after=None
[2023-03-02 13:28:58,728] {processor.py:161} INFO - Processing /home/airflow/dags/lowest_rated_movies.py took 0.337 seconds
[2023-03-02 13:29:29,426] {processor.py:153} INFO - Started process (PID=328) to work on /home/airflow/dags/lowest_rated_movies.py
[2023-03-02 13:29:29,428] {processor.py:641} INFO - Processing file /home/airflow/dags/lowest_rated_movies.py for tasks to queue
[2023-03-02 13:29:29,431] {logging_mixin.py:115} INFO - [2023-03-02 13:29:29,431] {dagbag.py:507} INFO - Filling up the DagBag from /home/airflow/dags/lowest_rated_movies.py
[2023-03-02 13:29:29,563] {processor.py:651} INFO - DAG(s) dict_keys(['lowest_rated_movies']) retrieved from /home/airflow/dags/lowest_rated_movies.py
[2023-03-02 13:29:30,033] {logging_mixin.py:115} INFO - [2023-03-02 13:29:30,032] {dag.py:2379} INFO - Sync 1 DAGs
[2023-03-02 13:29:30,424] {logging_mixin.py:115} INFO - [2023-03-02 13:29:30,424] {dag.py:2931} INFO - Setting next_dagrun for lowest_rated_movies to None, run_after=None
[2023-03-02 13:29:31,702] {processor.py:161} INFO - Processing /home/airflow/dags/lowest_rated_movies.py took 2.289 seconds
[2023-03-02 13:30:02,041] {processor.py:153} INFO - Started process (PID=338) to work on /home/airflow/dags/lowest_rated_movies.py
[2023-03-02 13:30:02,045] {processor.py:641} INFO - Processing file /home/airflow/dags/lowest_rated_movies.py for tasks to queue
[2023-03-02 13:30:02,051] {logging_mixin.py:115} INFO - [2023-03-02 13:30:02,050] {dagbag.py:507} INFO - Filling up the DagBag from /home/airflow/dags/lowest_rated_movies.py
[2023-03-02 13:30:02,145] {processor.py:651} INFO - DAG(s) dict_keys(['lowest_rated_movies']) retrieved from /home/airflow/dags/lowest_rated_movies.py
[2023-03-02 13:30:02,353] {logging_mixin.py:115} INFO - [2023-03-02 13:30:02,352] {dag.py:2379} INFO - Sync 1 DAGs
[2023-03-02 13:30:02,457] {logging_mixin.py:115} INFO - [2023-03-02 13:30:02,456] {dag.py:2931} INFO - Setting next_dagrun for lowest_rated_movies to None, run_after=None
[2023-03-02 13:30:02,516] {processor.py:161} INFO - Processing /home/airflow/dags/lowest_rated_movies.py took 0.489 seconds
[2023-03-02 13:30:32,954] {processor.py:153} INFO - Started process (PID=348) to work on /home/airflow/dags/lowest_rated_movies.py
[2023-03-02 13:30:32,957] {processor.py:641} INFO - Processing file /home/airflow/dags/lowest_rated_movies.py for tasks to queue
[2023-03-02 13:30:32,960] {logging_mixin.py:115} INFO - [2023-03-02 13:30:32,960] {dagbag.py:507} INFO - Filling up the DagBag from /home/airflow/dags/lowest_rated_movies.py
[2023-03-02 13:30:33,152] {processor.py:651} INFO - DAG(s) dict_keys(['lowest_rated_movies']) retrieved from /home/airflow/dags/lowest_rated_movies.py
[2023-03-02 13:30:33,556] {logging_mixin.py:115} INFO - [2023-03-02 13:30:33,556] {dag.py:2379} INFO - Sync 1 DAGs
[2023-03-02 13:30:33,630] {logging_mixin.py:115} INFO - [2023-03-02 13:30:33,630] {dag.py:2931} INFO - Setting next_dagrun for lowest_rated_movies to None, run_after=None
[2023-03-02 13:30:33,675] {processor.py:161} INFO - Processing /home/airflow/dags/lowest_rated_movies.py took 0.736 seconds
[2023-03-02 13:31:03,817] {processor.py:153} INFO - Started process (PID=360) to work on /home/airflow/dags/lowest_rated_movies.py
[2023-03-02 13:31:03,819] {processor.py:641} INFO - Processing file /home/airflow/dags/lowest_rated_movies.py for tasks to queue
[2023-03-02 13:31:03,821] {logging_mixin.py:115} INFO - [2023-03-02 13:31:03,820] {dagbag.py:507} INFO - Filling up the DagBag from /home/airflow/dags/lowest_rated_movies.py
[2023-03-02 13:31:03,897] {processor.py:651} INFO - DAG(s) dict_keys(['lowest_rated_movies']) retrieved from /home/airflow/dags/lowest_rated_movies.py
[2023-03-02 13:31:03,961] {logging_mixin.py:115} INFO - [2023-03-02 13:31:03,961] {dag.py:2379} INFO - Sync 1 DAGs
[2023-03-02 13:31:04,039] {logging_mixin.py:115} INFO - [2023-03-02 13:31:04,039] {dag.py:2931} INFO - Setting next_dagrun for lowest_rated_movies to None, run_after=None
[2023-03-02 13:31:04,067] {processor.py:161} INFO - Processing /home/airflow/dags/lowest_rated_movies.py took 0.255 seconds
[2023-03-02 13:31:34,254] {processor.py:153} INFO - Started process (PID=367) to work on /home/airflow/dags/lowest_rated_movies.py
[2023-03-02 13:31:34,258] {processor.py:641} INFO - Processing file /home/airflow/dags/lowest_rated_movies.py for tasks to queue
[2023-03-02 13:31:34,259] {logging_mixin.py:115} INFO - [2023-03-02 13:31:34,259] {dagbag.py:507} INFO - Filling up the DagBag from /home/airflow/dags/lowest_rated_movies.py
[2023-03-02 13:31:34,445] {processor.py:651} INFO - DAG(s) dict_keys(['lowest_rated_movies']) retrieved from /home/airflow/dags/lowest_rated_movies.py
[2023-03-02 13:31:35,034] {logging_mixin.py:115} INFO - [2023-03-02 13:31:35,034] {dag.py:2379} INFO - Sync 1 DAGs
[2023-03-02 13:31:35,129] {logging_mixin.py:115} INFO - [2023-03-02 13:31:35,129] {dag.py:2931} INFO - Setting next_dagrun for lowest_rated_movies to None, run_after=None
[2023-03-02 13:31:35,191] {processor.py:161} INFO - Processing /home/airflow/dags/lowest_rated_movies.py took 0.954 seconds
[2023-03-02 13:32:05,906] {processor.py:153} INFO - Started process (PID=378) to work on /home/airflow/dags/lowest_rated_movies.py
[2023-03-02 13:32:05,908] {processor.py:641} INFO - Processing file /home/airflow/dags/lowest_rated_movies.py for tasks to queue
[2023-03-02 13:32:05,912] {logging_mixin.py:115} INFO - [2023-03-02 13:32:05,911] {dagbag.py:507} INFO - Filling up the DagBag from /home/airflow/dags/lowest_rated_movies.py
[2023-03-02 13:32:06,143] {processor.py:651} INFO - DAG(s) dict_keys(['lowest_rated_movies']) retrieved from /home/airflow/dags/lowest_rated_movies.py
[2023-03-02 13:32:06,336] {logging_mixin.py:115} INFO - [2023-03-02 13:32:06,336] {dag.py:2379} INFO - Sync 1 DAGs
[2023-03-02 13:32:06,443] {logging_mixin.py:115} INFO - [2023-03-02 13:32:06,443] {dag.py:2931} INFO - Setting next_dagrun for lowest_rated_movies to None, run_after=None
[2023-03-02 13:32:06,493] {processor.py:161} INFO - Processing /home/airflow/dags/lowest_rated_movies.py took 0.615 seconds
[2023-03-02 13:32:37,751] {processor.py:153} INFO - Started process (PID=388) to work on /home/airflow/dags/lowest_rated_movies.py
[2023-03-02 13:32:37,754] {processor.py:641} INFO - Processing file /home/airflow/dags/lowest_rated_movies.py for tasks to queue
[2023-03-02 13:32:37,756] {logging_mixin.py:115} INFO - [2023-03-02 13:32:37,756] {dagbag.py:507} INFO - Filling up the DagBag from /home/airflow/dags/lowest_rated_movies.py
[2023-03-02 13:32:37,940] {processor.py:651} INFO - DAG(s) dict_keys(['lowest_rated_movies']) retrieved from /home/airflow/dags/lowest_rated_movies.py
[2023-03-02 13:32:38,217] {logging_mixin.py:115} INFO - [2023-03-02 13:32:38,217] {dag.py:2379} INFO - Sync 1 DAGs
[2023-03-02 13:32:38,272] {logging_mixin.py:115} INFO - [2023-03-02 13:32:38,272] {dag.py:2931} INFO - Setting next_dagrun for lowest_rated_movies to None, run_after=None
[2023-03-02 13:32:38,405] {processor.py:161} INFO - Processing /home/airflow/dags/lowest_rated_movies.py took 0.726 seconds
[2023-03-02 13:33:09,114] {processor.py:153} INFO - Started process (PID=398) to work on /home/airflow/dags/lowest_rated_movies.py
[2023-03-02 13:33:09,117] {processor.py:641} INFO - Processing file /home/airflow/dags/lowest_rated_movies.py for tasks to queue
[2023-03-02 13:33:09,120] {logging_mixin.py:115} INFO - [2023-03-02 13:33:09,120] {dagbag.py:507} INFO - Filling up the DagBag from /home/airflow/dags/lowest_rated_movies.py
[2023-03-02 13:33:09,325] {processor.py:651} INFO - DAG(s) dict_keys(['lowest_rated_movies']) retrieved from /home/airflow/dags/lowest_rated_movies.py
[2023-03-02 13:33:09,593] {logging_mixin.py:115} INFO - [2023-03-02 13:33:09,592] {dag.py:2379} INFO - Sync 1 DAGs
[2023-03-02 13:33:09,676] {logging_mixin.py:115} INFO - [2023-03-02 13:33:09,676] {dag.py:2931} INFO - Setting next_dagrun for lowest_rated_movies to None, run_after=None
[2023-03-02 13:33:09,725] {processor.py:161} INFO - Processing /home/airflow/dags/lowest_rated_movies.py took 0.634 seconds
[2023-03-02 13:33:40,819] {processor.py:153} INFO - Started process (PID=408) to work on /home/airflow/dags/lowest_rated_movies.py
[2023-03-02 13:33:40,822] {processor.py:641} INFO - Processing file /home/airflow/dags/lowest_rated_movies.py for tasks to queue
[2023-03-02 13:33:40,825] {logging_mixin.py:115} INFO - [2023-03-02 13:33:40,824] {dagbag.py:507} INFO - Filling up the DagBag from /home/airflow/dags/lowest_rated_movies.py
[2023-03-02 13:33:41,010] {processor.py:651} INFO - DAG(s) dict_keys(['lowest_rated_movies']) retrieved from /home/airflow/dags/lowest_rated_movies.py
[2023-03-02 13:33:41,226] {logging_mixin.py:115} INFO - [2023-03-02 13:33:41,226] {dag.py:2379} INFO - Sync 1 DAGs
[2023-03-02 13:33:41,315] {logging_mixin.py:115} INFO - [2023-03-02 13:33:41,315] {dag.py:2931} INFO - Setting next_dagrun for lowest_rated_movies to None, run_after=None
[2023-03-02 13:33:41,346] {processor.py:161} INFO - Processing /home/airflow/dags/lowest_rated_movies.py took 0.541 seconds
[2023-03-02 13:34:12,652] {processor.py:153} INFO - Started process (PID=418) to work on /home/airflow/dags/lowest_rated_movies.py
[2023-03-02 13:34:12,654] {processor.py:641} INFO - Processing file /home/airflow/dags/lowest_rated_movies.py for tasks to queue
[2023-03-02 13:34:12,656] {logging_mixin.py:115} INFO - [2023-03-02 13:34:12,656] {dagbag.py:507} INFO - Filling up the DagBag from /home/airflow/dags/lowest_rated_movies.py
[2023-03-02 13:34:12,854] {processor.py:651} INFO - DAG(s) dict_keys(['lowest_rated_movies']) retrieved from /home/airflow/dags/lowest_rated_movies.py
[2023-03-02 13:34:15,238] {logging_mixin.py:115} INFO - [2023-03-02 13:34:15,238] {dag.py:2379} INFO - Sync 1 DAGs
[2023-03-02 13:34:15,406] {logging_mixin.py:115} INFO - [2023-03-02 13:34:15,406] {dag.py:2931} INFO - Setting next_dagrun for lowest_rated_movies to None, run_after=None
[2023-03-02 13:34:15,745] {processor.py:161} INFO - Processing /home/airflow/dags/lowest_rated_movies.py took 3.110 seconds
[2023-03-02 13:34:46,305] {processor.py:153} INFO - Started process (PID=428) to work on /home/airflow/dags/lowest_rated_movies.py
[2023-03-02 13:34:46,307] {processor.py:641} INFO - Processing file /home/airflow/dags/lowest_rated_movies.py for tasks to queue
[2023-03-02 13:34:46,309] {logging_mixin.py:115} INFO - [2023-03-02 13:34:46,309] {dagbag.py:507} INFO - Filling up the DagBag from /home/airflow/dags/lowest_rated_movies.py
[2023-03-02 13:34:46,438] {processor.py:651} INFO - DAG(s) dict_keys(['lowest_rated_movies']) retrieved from /home/airflow/dags/lowest_rated_movies.py
[2023-03-02 13:34:46,721] {logging_mixin.py:115} INFO - [2023-03-02 13:34:46,720] {dag.py:2379} INFO - Sync 1 DAGs
[2023-03-02 13:34:46,855] {logging_mixin.py:115} INFO - [2023-03-02 13:34:46,855] {dag.py:2931} INFO - Setting next_dagrun for lowest_rated_movies to None, run_after=None
[2023-03-02 13:34:46,901] {processor.py:161} INFO - Processing /home/airflow/dags/lowest_rated_movies.py took 0.612 seconds
[2023-03-02 13:35:17,324] {processor.py:153} INFO - Started process (PID=438) to work on /home/airflow/dags/lowest_rated_movies.py
[2023-03-02 13:35:17,326] {processor.py:641} INFO - Processing file /home/airflow/dags/lowest_rated_movies.py for tasks to queue
[2023-03-02 13:35:17,328] {logging_mixin.py:115} INFO - [2023-03-02 13:35:17,328] {dagbag.py:507} INFO - Filling up the DagBag from /home/airflow/dags/lowest_rated_movies.py
[2023-03-02 13:35:17,474] {processor.py:651} INFO - DAG(s) dict_keys(['lowest_rated_movies']) retrieved from /home/airflow/dags/lowest_rated_movies.py
[2023-03-02 13:35:17,889] {logging_mixin.py:115} INFO - [2023-03-02 13:35:17,888] {dag.py:2379} INFO - Sync 1 DAGs
[2023-03-02 13:35:17,951] {logging_mixin.py:115} INFO - [2023-03-02 13:35:17,951] {dag.py:2931} INFO - Setting next_dagrun for lowest_rated_movies to None, run_after=None
[2023-03-02 13:35:17,990] {processor.py:161} INFO - Processing /home/airflow/dags/lowest_rated_movies.py took 0.693 seconds
[2023-03-02 13:35:48,511] {processor.py:153} INFO - Started process (PID=448) to work on /home/airflow/dags/lowest_rated_movies.py
[2023-03-02 13:35:48,513] {processor.py:641} INFO - Processing file /home/airflow/dags/lowest_rated_movies.py for tasks to queue
[2023-03-02 13:35:48,515] {logging_mixin.py:115} INFO - [2023-03-02 13:35:48,515] {dagbag.py:507} INFO - Filling up the DagBag from /home/airflow/dags/lowest_rated_movies.py
[2023-03-02 13:35:48,621] {processor.py:651} INFO - DAG(s) dict_keys(['lowest_rated_movies']) retrieved from /home/airflow/dags/lowest_rated_movies.py
[2023-03-02 13:35:48,760] {logging_mixin.py:115} INFO - [2023-03-02 13:35:48,760] {dag.py:2379} INFO - Sync 1 DAGs
[2023-03-02 13:35:48,833] {logging_mixin.py:115} INFO - [2023-03-02 13:35:48,832] {dag.py:2931} INFO - Setting next_dagrun for lowest_rated_movies to None, run_after=None
[2023-03-02 13:35:48,881] {processor.py:161} INFO - Processing /home/airflow/dags/lowest_rated_movies.py took 0.381 seconds
[2023-03-02 13:36:19,319] {processor.py:153} INFO - Started process (PID=458) to work on /home/airflow/dags/lowest_rated_movies.py
[2023-03-02 13:36:19,321] {processor.py:641} INFO - Processing file /home/airflow/dags/lowest_rated_movies.py for tasks to queue
[2023-03-02 13:36:19,324] {logging_mixin.py:115} INFO - [2023-03-02 13:36:19,324] {dagbag.py:507} INFO - Filling up the DagBag from /home/airflow/dags/lowest_rated_movies.py
[2023-03-02 13:36:19,491] {processor.py:651} INFO - DAG(s) dict_keys(['lowest_rated_movies']) retrieved from /home/airflow/dags/lowest_rated_movies.py
[2023-03-02 13:36:19,844] {logging_mixin.py:115} INFO - [2023-03-02 13:36:19,843] {dag.py:2379} INFO - Sync 1 DAGs
[2023-03-02 13:36:19,931] {logging_mixin.py:115} INFO - [2023-03-02 13:36:19,931] {dag.py:2931} INFO - Setting next_dagrun for lowest_rated_movies to None, run_after=None
[2023-03-02 13:36:20,005] {processor.py:161} INFO - Processing /home/airflow/dags/lowest_rated_movies.py took 0.700 seconds
[2023-03-02 13:36:50,838] {processor.py:153} INFO - Started process (PID=468) to work on /home/airflow/dags/lowest_rated_movies.py
[2023-03-02 13:36:50,839] {processor.py:641} INFO - Processing file /home/airflow/dags/lowest_rated_movies.py for tasks to queue
[2023-03-02 13:36:50,841] {logging_mixin.py:115} INFO - [2023-03-02 13:36:50,841] {dagbag.py:507} INFO - Filling up the DagBag from /home/airflow/dags/lowest_rated_movies.py
[2023-03-02 13:36:50,938] {processor.py:651} INFO - DAG(s) dict_keys(['lowest_rated_movies']) retrieved from /home/airflow/dags/lowest_rated_movies.py
[2023-03-02 13:36:51,329] {logging_mixin.py:115} INFO - [2023-03-02 13:36:51,329] {dag.py:2379} INFO - Sync 1 DAGs
[2023-03-02 13:36:51,404] {logging_mixin.py:115} INFO - [2023-03-02 13:36:51,403] {dag.py:2931} INFO - Setting next_dagrun for lowest_rated_movies to None, run_after=None
[2023-03-02 13:36:51,502] {processor.py:161} INFO - Processing /home/airflow/dags/lowest_rated_movies.py took 0.673 seconds
[2023-03-02 13:37:22,521] {processor.py:153} INFO - Started process (PID=478) to work on /home/airflow/dags/lowest_rated_movies.py
[2023-03-02 13:37:22,523] {processor.py:641} INFO - Processing file /home/airflow/dags/lowest_rated_movies.py for tasks to queue
[2023-03-02 13:37:22,526] {logging_mixin.py:115} INFO - [2023-03-02 13:37:22,525] {dagbag.py:507} INFO - Filling up the DagBag from /home/airflow/dags/lowest_rated_movies.py
[2023-03-02 13:37:22,629] {processor.py:651} INFO - DAG(s) dict_keys(['lowest_rated_movies']) retrieved from /home/airflow/dags/lowest_rated_movies.py
[2023-03-02 13:37:22,910] {logging_mixin.py:115} INFO - [2023-03-02 13:37:22,910] {dag.py:2379} INFO - Sync 1 DAGs
[2023-03-02 13:37:22,983] {logging_mixin.py:115} INFO - [2023-03-02 13:37:22,983] {dag.py:2931} INFO - Setting next_dagrun for lowest_rated_movies to None, run_after=None
[2023-03-02 13:37:23,020] {processor.py:161} INFO - Processing /home/airflow/dags/lowest_rated_movies.py took 0.509 seconds
[2023-03-02 13:37:53,773] {processor.py:153} INFO - Started process (PID=488) to work on /home/airflow/dags/lowest_rated_movies.py
[2023-03-02 13:37:53,777] {processor.py:641} INFO - Processing file /home/airflow/dags/lowest_rated_movies.py for tasks to queue
[2023-03-02 13:37:53,779] {logging_mixin.py:115} INFO - [2023-03-02 13:37:53,779] {dagbag.py:507} INFO - Filling up the DagBag from /home/airflow/dags/lowest_rated_movies.py
[2023-03-02 13:37:53,900] {processor.py:651} INFO - DAG(s) dict_keys(['lowest_rated_movies']) retrieved from /home/airflow/dags/lowest_rated_movies.py
[2023-03-02 13:37:54,317] {logging_mixin.py:115} INFO - [2023-03-02 13:37:54,317] {dag.py:2379} INFO - Sync 1 DAGs
[2023-03-02 13:37:54,413] {logging_mixin.py:115} INFO - [2023-03-02 13:37:54,413] {dag.py:2931} INFO - Setting next_dagrun for lowest_rated_movies to None, run_after=None
[2023-03-02 13:37:54,455] {processor.py:161} INFO - Processing /home/airflow/dags/lowest_rated_movies.py took 0.695 seconds
[2023-03-02 13:38:24,914] {processor.py:153} INFO - Started process (PID=521) to work on /home/airflow/dags/lowest_rated_movies.py
[2023-03-02 13:38:24,917] {processor.py:641} INFO - Processing file /home/airflow/dags/lowest_rated_movies.py for tasks to queue
[2023-03-02 13:38:24,920] {logging_mixin.py:115} INFO - [2023-03-02 13:38:24,920] {dagbag.py:507} INFO - Filling up the DagBag from /home/airflow/dags/lowest_rated_movies.py
[2023-03-02 13:38:25,009] {processor.py:651} INFO - DAG(s) dict_keys(['lowest_rated_movies']) retrieved from /home/airflow/dags/lowest_rated_movies.py
[2023-03-02 13:38:25,072] {logging_mixin.py:115} INFO - [2023-03-02 13:38:25,072] {dag.py:2379} INFO - Sync 1 DAGs
[2023-03-02 13:38:25,132] {logging_mixin.py:115} INFO - [2023-03-02 13:38:25,132] {dag.py:2931} INFO - Setting next_dagrun for lowest_rated_movies to None, run_after=None
[2023-03-02 13:38:25,165] {processor.py:161} INFO - Processing /home/airflow/dags/lowest_rated_movies.py took 0.259 seconds
[2023-03-02 13:38:56,438] {processor.py:153} INFO - Started process (PID=607) to work on /home/airflow/dags/lowest_rated_movies.py
[2023-03-02 13:38:56,499] {processor.py:641} INFO - Processing file /home/airflow/dags/lowest_rated_movies.py for tasks to queue
[2023-03-02 13:38:56,513] {logging_mixin.py:115} INFO - [2023-03-02 13:38:56,512] {dagbag.py:507} INFO - Filling up the DagBag from /home/airflow/dags/lowest_rated_movies.py
[2023-03-02 13:39:01,874] {processor.py:651} INFO - DAG(s) dict_keys(['lowest_rated_movies']) retrieved from /home/airflow/dags/lowest_rated_movies.py
[2023-03-02 13:39:39,384] {logging_mixin.py:115} INFO - [2023-03-02 13:39:39,368] {dag.py:2379} INFO - Sync 1 DAGs
[2023-03-02 13:39:48,458] {processor.py:153} INFO - Started process (PID=618) to work on /home/airflow/dags/lowest_rated_movies.py
[2023-03-02 13:39:48,479] {processor.py:641} INFO - Processing file /home/airflow/dags/lowest_rated_movies.py for tasks to queue
[2023-03-02 13:39:48,500] {logging_mixin.py:115} INFO - [2023-03-02 13:39:48,500] {dagbag.py:507} INFO - Filling up the DagBag from /home/airflow/dags/lowest_rated_movies.py
[2023-03-02 13:39:51,511] {processor.py:651} INFO - DAG(s) dict_keys(['lowest_rated_movies']) retrieved from /home/airflow/dags/lowest_rated_movies.py
[2023-03-02 13:39:54,464] {logging_mixin.py:115} INFO - [2023-03-02 13:39:54,437] {dag.py:2379} INFO - Sync 1 DAGs
[2023-03-02 13:39:55,751] {logging_mixin.py:115} INFO - [2023-03-02 13:39:55,685] {dag.py:2931} INFO - Setting next_dagrun for lowest_rated_movies to None, run_after=None
[2023-03-02 13:39:56,945] {processor.py:161} INFO - Processing /home/airflow/dags/lowest_rated_movies.py took 8.531 seconds
[2023-03-02 13:40:38,121] {processor.py:153} INFO - Started process (PID=637) to work on /home/airflow/dags/lowest_rated_movies.py
[2023-03-02 13:40:38,408] {processor.py:641} INFO - Processing file /home/airflow/dags/lowest_rated_movies.py for tasks to queue
[2023-03-02 13:40:39,109] {logging_mixin.py:115} INFO - [2023-03-02 13:40:38,849] {dagbag.py:507} INFO - Filling up the DagBag from /home/airflow/dags/lowest_rated_movies.py
[2023-03-02 13:41:14,811] {logging_mixin.py:115} INFO - [2023-03-02 13:41:13,064] {timeout.py:67} ERROR - Process timed out, PID: 637
[2023-03-02 13:41:34,704] {logging_mixin.py:115} INFO - [2023-03-02 13:41:17,260] {dagbag.py:320} ERROR - Failed to import: /home/airflow/dags/lowest_rated_movies.py
Traceback (most recent call last):
  File "/usr/local/lib/python3.7/site-packages/airflow/models/dagbag.py", line 317, in parse
    loader.exec_module(new_module)
  File "<frozen importlib._bootstrap_external>", line 728, in exec_module
  File "<frozen importlib._bootstrap>", line 219, in _call_with_frames_removed
  File "/home/airflow/dags/lowest_rated_movies.py", line 3, in <module>
    from airflow.contrib.operators.spark_submit_operator import SparkSubmitOperator
  File "/usr/local/lib/python3.7/site-packages/airflow/contrib/operators/spark_submit_operator.py", line 22, in <module>
    from airflow.providers.apache.spark.operators.spark_submit import SparkSubmitOperator  # noqa
  File "<frozen importlib._bootstrap>", line 983, in _find_and_load
  File "<frozen importlib._bootstrap>", line 963, in _find_and_load_unlocked
  File "<frozen importlib._bootstrap>", line 906, in _find_spec
  File "<frozen importlib._bootstrap_external>", line 1280, in find_spec
  File "<frozen importlib._bootstrap_external>", line 1252, in _get_spec
  File "<frozen importlib._bootstrap_external>", line 1383, in find_spec
  File "<frozen importlib._bootstrap_external>", line 95, in _path_isfile
  File "<frozen importlib._bootstrap_external>", line 87, in _path_is_mode_type
  File "<frozen importlib._bootstrap_external>", line 81, in _path_stat
  File "/usr/local/lib/python3.7/site-packages/airflow/utils/timeout.py", line 68, in handle_timeout
    raise AirflowTaskTimeout(self.error_message)
airflow.exceptions.AirflowTaskTimeout: DagBag import timeout for /home/airflow/dags/lowest_rated_movies.py after 30.0s.
Please take a look at these docs to improve your DAG import time:
* https://airflow.apache.org/docs/apache-airflow/2.3.2/best-practices.html#top-level-python-code
* https://airflow.apache.org/docs/apache-airflow/2.3.2/best-practices.html#reducing-dag-complexity, PID: 637
[2023-03-02 13:41:38,557] {processor.py:653} WARNING - No viable dags retrieved from /home/airflow/dags/lowest_rated_movies.py
[2023-03-02 13:41:59,800] {processor.py:153} INFO - Started process (PID=643) to work on /home/airflow/dags/lowest_rated_movies.py
[2023-03-02 13:42:00,347] {processor.py:641} INFO - Processing file /home/airflow/dags/lowest_rated_movies.py for tasks to queue
[2023-03-02 13:42:01,332] {logging_mixin.py:115} INFO - [2023-03-02 13:42:01,130] {dagbag.py:507} INFO - Filling up the DagBag from /home/airflow/dags/lowest_rated_movies.py
[2023-03-02 13:42:17,299] {processor.py:651} INFO - DAG(s) dict_keys(['lowest_rated_movies']) retrieved from /home/airflow/dags/lowest_rated_movies.py
[2023-03-02 13:42:35,418] {logging_mixin.py:115} INFO - [2023-03-02 13:42:35,341] {dag.py:2379} INFO - Sync 1 DAGs
[2023-03-02 13:42:37,511] {logging_mixin.py:115} INFO - [2023-03-02 13:42:37,511] {dag.py:2931} INFO - Setting next_dagrun for lowest_rated_movies to None, run_after=None
[2023-03-02 13:42:37,772] {processor.py:161} INFO - Processing /home/airflow/dags/lowest_rated_movies.py took 38.753 seconds
[2023-03-02 13:43:08,244] {processor.py:153} INFO - Started process (PID=655) to work on /home/airflow/dags/lowest_rated_movies.py
[2023-03-02 13:43:08,247] {processor.py:641} INFO - Processing file /home/airflow/dags/lowest_rated_movies.py for tasks to queue
[2023-03-02 13:43:08,248] {logging_mixin.py:115} INFO - [2023-03-02 13:43:08,248] {dagbag.py:507} INFO - Filling up the DagBag from /home/airflow/dags/lowest_rated_movies.py
[2023-03-02 13:43:08,361] {processor.py:651} INFO - DAG(s) dict_keys(['lowest_rated_movies']) retrieved from /home/airflow/dags/lowest_rated_movies.py
[2023-03-02 13:43:08,589] {logging_mixin.py:115} INFO - [2023-03-02 13:43:08,588] {dag.py:2379} INFO - Sync 1 DAGs
[2023-03-02 13:43:08,654] {logging_mixin.py:115} INFO - [2023-03-02 13:43:08,653] {dag.py:2931} INFO - Setting next_dagrun for lowest_rated_movies to None, run_after=None
[2023-03-02 13:43:08,708] {processor.py:161} INFO - Processing /home/airflow/dags/lowest_rated_movies.py took 0.472 seconds
[2023-03-02 13:43:39,184] {processor.py:153} INFO - Started process (PID=664) to work on /home/airflow/dags/lowest_rated_movies.py
[2023-03-02 13:43:39,186] {processor.py:641} INFO - Processing file /home/airflow/dags/lowest_rated_movies.py for tasks to queue
[2023-03-02 13:43:39,188] {logging_mixin.py:115} INFO - [2023-03-02 13:43:39,188] {dagbag.py:507} INFO - Filling up the DagBag from /home/airflow/dags/lowest_rated_movies.py
[2023-03-02 13:43:39,329] {processor.py:651} INFO - DAG(s) dict_keys(['lowest_rated_movies']) retrieved from /home/airflow/dags/lowest_rated_movies.py
[2023-03-02 13:43:39,945] {logging_mixin.py:115} INFO - [2023-03-02 13:43:39,944] {dag.py:2379} INFO - Sync 1 DAGs
[2023-03-02 13:43:40,008] {logging_mixin.py:115} INFO - [2023-03-02 13:43:40,008] {dag.py:2931} INFO - Setting next_dagrun for lowest_rated_movies to None, run_after=None
[2023-03-02 13:43:40,054] {processor.py:161} INFO - Processing /home/airflow/dags/lowest_rated_movies.py took 0.883 seconds
[2023-03-02 13:44:10,503] {processor.py:153} INFO - Started process (PID=717) to work on /home/airflow/dags/lowest_rated_movies.py
[2023-03-02 13:44:10,506] {processor.py:641} INFO - Processing file /home/airflow/dags/lowest_rated_movies.py for tasks to queue
[2023-03-02 13:44:10,526] {logging_mixin.py:115} INFO - [2023-03-02 13:44:10,526] {dagbag.py:507} INFO - Filling up the DagBag from /home/airflow/dags/lowest_rated_movies.py
[2023-03-02 13:44:13,454] {processor.py:651} INFO - DAG(s) dict_keys(['lowest_rated_movies']) retrieved from /home/airflow/dags/lowest_rated_movies.py
[2023-03-02 14:16:49,149] {processor.py:153} INFO - Started process (PID=195) to work on /home/airflow/dags/lowest_rated_movies.py
[2023-03-02 14:16:49,189] {processor.py:641} INFO - Processing file /home/airflow/dags/lowest_rated_movies.py for tasks to queue
[2023-03-02 14:16:49,209] {logging_mixin.py:115} INFO - [2023-03-02 14:16:49,209] {dagbag.py:507} INFO - Filling up the DagBag from /home/airflow/dags/lowest_rated_movies.py
[2023-03-02 14:16:49,690] {processor.py:651} INFO - DAG(s) dict_keys(['lowest_rated_movies']) retrieved from /home/airflow/dags/lowest_rated_movies.py
[2023-03-02 14:16:50,061] {logging_mixin.py:115} INFO - [2023-03-02 14:16:50,061] {dag.py:2379} INFO - Sync 1 DAGs
[2023-03-02 14:16:51,218] {logging_mixin.py:115} INFO - [2023-03-02 14:16:51,218] {dag.py:2931} INFO - Setting next_dagrun for lowest_rated_movies to None, run_after=None
[2023-03-02 14:16:51,460] {processor.py:161} INFO - Processing /home/airflow/dags/lowest_rated_movies.py took 2.340 seconds
[2023-03-02 14:17:22,430] {processor.py:153} INFO - Started process (PID=313) to work on /home/airflow/dags/lowest_rated_movies.py
[2023-03-02 14:17:22,436] {processor.py:641} INFO - Processing file /home/airflow/dags/lowest_rated_movies.py for tasks to queue
[2023-03-02 14:17:22,440] {logging_mixin.py:115} INFO - [2023-03-02 14:17:22,440] {dagbag.py:507} INFO - Filling up the DagBag from /home/airflow/dags/lowest_rated_movies.py
[2023-03-02 14:17:22,592] {processor.py:651} INFO - DAG(s) dict_keys(['lowest_rated_movies']) retrieved from /home/airflow/dags/lowest_rated_movies.py
[2023-03-02 14:17:22,929] {logging_mixin.py:115} INFO - [2023-03-02 14:17:22,928] {dag.py:2379} INFO - Sync 1 DAGs
[2023-03-02 14:17:23,376] {logging_mixin.py:115} INFO - [2023-03-02 14:17:23,376] {dag.py:2931} INFO - Setting next_dagrun for lowest_rated_movies to None, run_after=None
[2023-03-02 14:17:23,545] {processor.py:161} INFO - Processing /home/airflow/dags/lowest_rated_movies.py took 1.121 seconds
[2023-03-02 14:17:54,003] {processor.py:153} INFO - Started process (PID=407) to work on /home/airflow/dags/lowest_rated_movies.py
[2023-03-02 14:17:54,006] {processor.py:641} INFO - Processing file /home/airflow/dags/lowest_rated_movies.py for tasks to queue
[2023-03-02 14:17:54,013] {logging_mixin.py:115} INFO - [2023-03-02 14:17:54,013] {dagbag.py:507} INFO - Filling up the DagBag from /home/airflow/dags/lowest_rated_movies.py
[2023-03-02 14:17:54,295] {processor.py:651} INFO - DAG(s) dict_keys(['lowest_rated_movies']) retrieved from /home/airflow/dags/lowest_rated_movies.py
[2023-03-02 14:17:54,432] {logging_mixin.py:115} INFO - [2023-03-02 14:17:54,431] {dag.py:2379} INFO - Sync 1 DAGs
[2023-03-02 14:17:54,519] {logging_mixin.py:115} INFO - [2023-03-02 14:17:54,519] {dag.py:2931} INFO - Setting next_dagrun for lowest_rated_movies to None, run_after=None
[2023-03-02 14:17:54,573] {processor.py:161} INFO - Processing /home/airflow/dags/lowest_rated_movies.py took 0.586 seconds
[2023-03-02 14:21:31,148] {processor.py:153} INFO - Started process (PID=179) to work on /home/airflow/dags/lowest_rated_movies.py
[2023-03-02 14:21:31,184] {processor.py:641} INFO - Processing file /home/airflow/dags/lowest_rated_movies.py for tasks to queue
[2023-03-02 14:21:31,186] {logging_mixin.py:115} INFO - [2023-03-02 14:21:31,186] {dagbag.py:507} INFO - Filling up the DagBag from /home/airflow/dags/lowest_rated_movies.py
[2023-03-02 14:21:31,271] {processor.py:651} INFO - DAG(s) dict_keys(['lowest_rated_movies']) retrieved from /home/airflow/dags/lowest_rated_movies.py
[2023-03-02 14:21:31,320] {logging_mixin.py:115} INFO - [2023-03-02 14:21:31,319] {dag.py:2379} INFO - Sync 1 DAGs
[2023-03-02 14:21:31,369] {logging_mixin.py:115} INFO - [2023-03-02 14:21:31,369] {dag.py:2931} INFO - Setting next_dagrun for lowest_rated_movies to None, run_after=None
[2023-03-02 14:21:31,417] {processor.py:161} INFO - Processing /home/airflow/dags/lowest_rated_movies.py took 0.277 seconds
[2023-03-02 14:22:01,963] {processor.py:153} INFO - Started process (PID=189) to work on /home/airflow/dags/lowest_rated_movies.py
[2023-03-02 14:22:01,966] {processor.py:641} INFO - Processing file /home/airflow/dags/lowest_rated_movies.py for tasks to queue
[2023-03-02 14:22:01,970] {logging_mixin.py:115} INFO - [2023-03-02 14:22:01,970] {dagbag.py:507} INFO - Filling up the DagBag from /home/airflow/dags/lowest_rated_movies.py
[2023-03-02 14:22:02,075] {processor.py:651} INFO - DAG(s) dict_keys(['lowest_rated_movies']) retrieved from /home/airflow/dags/lowest_rated_movies.py
[2023-03-02 14:22:02,177] {logging_mixin.py:115} INFO - [2023-03-02 14:22:02,176] {dag.py:2379} INFO - Sync 1 DAGs
[2023-03-02 14:22:02,364] {logging_mixin.py:115} INFO - [2023-03-02 14:22:02,364] {dag.py:2931} INFO - Setting next_dagrun for lowest_rated_movies to None, run_after=None
[2023-03-02 14:22:02,400] {processor.py:161} INFO - Processing /home/airflow/dags/lowest_rated_movies.py took 0.445 seconds
[2023-03-02 14:22:32,922] {processor.py:153} INFO - Started process (PID=262) to work on /home/airflow/dags/lowest_rated_movies.py
[2023-03-02 14:22:32,924] {processor.py:641} INFO - Processing file /home/airflow/dags/lowest_rated_movies.py for tasks to queue
[2023-03-02 14:22:32,926] {logging_mixin.py:115} INFO - [2023-03-02 14:22:32,926] {dagbag.py:507} INFO - Filling up the DagBag from /home/airflow/dags/lowest_rated_movies.py
[2023-03-02 14:22:33,077] {processor.py:651} INFO - DAG(s) dict_keys(['lowest_rated_movies']) retrieved from /home/airflow/dags/lowest_rated_movies.py
[2023-03-02 14:22:33,433] {logging_mixin.py:115} INFO - [2023-03-02 14:22:33,433] {dag.py:2379} INFO - Sync 1 DAGs
[2023-03-02 14:22:33,500] {logging_mixin.py:115} INFO - [2023-03-02 14:22:33,499] {dag.py:2931} INFO - Setting next_dagrun for lowest_rated_movies to None, run_after=None
[2023-03-02 14:22:33,551] {processor.py:161} INFO - Processing /home/airflow/dags/lowest_rated_movies.py took 0.640 seconds
[2023-03-02 14:23:03,879] {processor.py:153} INFO - Started process (PID=326) to work on /home/airflow/dags/lowest_rated_movies.py
[2023-03-02 14:23:03,882] {processor.py:641} INFO - Processing file /home/airflow/dags/lowest_rated_movies.py for tasks to queue
[2023-03-02 14:23:03,884] {logging_mixin.py:115} INFO - [2023-03-02 14:23:03,884] {dagbag.py:507} INFO - Filling up the DagBag from /home/airflow/dags/lowest_rated_movies.py
[2023-03-02 14:23:04,034] {processor.py:651} INFO - DAG(s) dict_keys(['lowest_rated_movies']) retrieved from /home/airflow/dags/lowest_rated_movies.py
[2023-03-02 14:23:04,117] {logging_mixin.py:115} INFO - [2023-03-02 14:23:04,117] {dag.py:2379} INFO - Sync 1 DAGs
[2023-03-02 14:23:04,250] {logging_mixin.py:115} INFO - [2023-03-02 14:23:04,249] {dag.py:2931} INFO - Setting next_dagrun for lowest_rated_movies to None, run_after=None
[2023-03-02 14:23:04,315] {processor.py:161} INFO - Processing /home/airflow/dags/lowest_rated_movies.py took 0.447 seconds
[2023-03-02 14:23:34,792] {processor.py:153} INFO - Started process (PID=390) to work on /home/airflow/dags/lowest_rated_movies.py
[2023-03-02 14:23:34,794] {processor.py:641} INFO - Processing file /home/airflow/dags/lowest_rated_movies.py for tasks to queue
[2023-03-02 14:23:34,801] {logging_mixin.py:115} INFO - [2023-03-02 14:23:34,801] {dagbag.py:507} INFO - Filling up the DagBag from /home/airflow/dags/lowest_rated_movies.py
[2023-03-02 14:23:35,772] {processor.py:651} INFO - DAG(s) dict_keys(['lowest_rated_movies']) retrieved from /home/airflow/dags/lowest_rated_movies.py
[2023-03-02 14:23:35,944] {logging_mixin.py:115} INFO - [2023-03-02 14:23:35,943] {dag.py:2379} INFO - Sync 1 DAGs
[2023-03-02 14:23:36,470] {logging_mixin.py:115} INFO - [2023-03-02 14:23:36,470] {dag.py:2931} INFO - Setting next_dagrun for lowest_rated_movies to None, run_after=None
[2023-03-02 14:23:36,508] {processor.py:161} INFO - Processing /home/airflow/dags/lowest_rated_movies.py took 1.731 seconds
[2023-03-02 14:24:07,146] {processor.py:153} INFO - Started process (PID=399) to work on /home/airflow/dags/lowest_rated_movies.py
[2023-03-02 14:24:07,152] {processor.py:641} INFO - Processing file /home/airflow/dags/lowest_rated_movies.py for tasks to queue
[2023-03-02 14:24:07,158] {logging_mixin.py:115} INFO - [2023-03-02 14:24:07,157] {dagbag.py:507} INFO - Filling up the DagBag from /home/airflow/dags/lowest_rated_movies.py
[2023-03-02 14:24:07,299] {processor.py:651} INFO - DAG(s) dict_keys(['lowest_rated_movies']) retrieved from /home/airflow/dags/lowest_rated_movies.py
[2023-03-02 14:24:07,403] {logging_mixin.py:115} INFO - [2023-03-02 14:24:07,402] {dag.py:2379} INFO - Sync 1 DAGs
[2023-03-02 14:24:07,481] {logging_mixin.py:115} INFO - [2023-03-02 14:24:07,481] {dag.py:2931} INFO - Setting next_dagrun for lowest_rated_movies to None, run_after=None
[2023-03-02 14:24:07,530] {processor.py:161} INFO - Processing /home/airflow/dags/lowest_rated_movies.py took 0.412 seconds
[2023-03-02 14:24:38,771] {processor.py:153} INFO - Started process (PID=408) to work on /home/airflow/dags/lowest_rated_movies.py
[2023-03-02 14:24:38,776] {processor.py:641} INFO - Processing file /home/airflow/dags/lowest_rated_movies.py for tasks to queue
[2023-03-02 14:24:38,782] {logging_mixin.py:115} INFO - [2023-03-02 14:24:38,781] {dagbag.py:507} INFO - Filling up the DagBag from /home/airflow/dags/lowest_rated_movies.py
[2023-03-02 14:24:39,941] {processor.py:651} INFO - DAG(s) dict_keys(['lowest_rated_movies']) retrieved from /home/airflow/dags/lowest_rated_movies.py
[2023-03-02 14:24:40,088] {logging_mixin.py:115} INFO - [2023-03-02 14:24:40,088] {dag.py:2379} INFO - Sync 1 DAGs
[2023-03-02 14:24:40,161] {logging_mixin.py:115} INFO - [2023-03-02 14:24:40,160] {dag.py:2931} INFO - Setting next_dagrun for lowest_rated_movies to None, run_after=None
[2023-03-02 14:24:40,198] {processor.py:161} INFO - Processing /home/airflow/dags/lowest_rated_movies.py took 1.471 seconds
[2023-03-02 14:25:10,667] {processor.py:153} INFO - Started process (PID=420) to work on /home/airflow/dags/lowest_rated_movies.py
[2023-03-02 14:25:10,670] {processor.py:641} INFO - Processing file /home/airflow/dags/lowest_rated_movies.py for tasks to queue
[2023-03-02 14:25:10,675] {logging_mixin.py:115} INFO - [2023-03-02 14:25:10,675] {dagbag.py:507} INFO - Filling up the DagBag from /home/airflow/dags/lowest_rated_movies.py
[2023-03-02 14:25:10,876] {processor.py:651} INFO - DAG(s) dict_keys(['lowest_rated_movies']) retrieved from /home/airflow/dags/lowest_rated_movies.py
[2023-03-02 14:25:11,071] {logging_mixin.py:115} INFO - [2023-03-02 14:25:11,071] {dag.py:2379} INFO - Sync 1 DAGs
[2023-03-02 14:25:11,148] {logging_mixin.py:115} INFO - [2023-03-02 14:25:11,148] {dag.py:2931} INFO - Setting next_dagrun for lowest_rated_movies to None, run_after=None
[2023-03-02 14:25:11,189] {processor.py:161} INFO - Processing /home/airflow/dags/lowest_rated_movies.py took 0.539 seconds
[2023-03-02 14:25:41,930] {processor.py:153} INFO - Started process (PID=429) to work on /home/airflow/dags/lowest_rated_movies.py
[2023-03-02 14:25:41,934] {processor.py:641} INFO - Processing file /home/airflow/dags/lowest_rated_movies.py for tasks to queue
[2023-03-02 14:25:41,939] {logging_mixin.py:115} INFO - [2023-03-02 14:25:41,939] {dagbag.py:507} INFO - Filling up the DagBag from /home/airflow/dags/lowest_rated_movies.py
[2023-03-02 14:25:42,125] {processor.py:651} INFO - DAG(s) dict_keys(['lowest_rated_movies']) retrieved from /home/airflow/dags/lowest_rated_movies.py
[2023-03-02 14:25:42,217] {logging_mixin.py:115} INFO - [2023-03-02 14:25:42,217] {dag.py:2379} INFO - Sync 1 DAGs
[2023-03-02 14:25:42,272] {logging_mixin.py:115} INFO - [2023-03-02 14:25:42,272] {dag.py:2931} INFO - Setting next_dagrun for lowest_rated_movies to None, run_after=None
[2023-03-02 14:25:42,654] {processor.py:161} INFO - Processing /home/airflow/dags/lowest_rated_movies.py took 0.744 seconds
[2023-03-02 14:26:13,363] {processor.py:153} INFO - Started process (PID=440) to work on /home/airflow/dags/lowest_rated_movies.py
[2023-03-02 14:26:13,366] {processor.py:641} INFO - Processing file /home/airflow/dags/lowest_rated_movies.py for tasks to queue
[2023-03-02 14:26:13,368] {logging_mixin.py:115} INFO - [2023-03-02 14:26:13,368] {dagbag.py:507} INFO - Filling up the DagBag from /home/airflow/dags/lowest_rated_movies.py
[2023-03-02 14:26:13,651] {processor.py:651} INFO - DAG(s) dict_keys(['lowest_rated_movies']) retrieved from /home/airflow/dags/lowest_rated_movies.py
[2023-03-02 14:26:13,987] {logging_mixin.py:115} INFO - [2023-03-02 14:26:13,987] {dag.py:2379} INFO - Sync 1 DAGs
[2023-03-02 14:26:14,082] {logging_mixin.py:115} INFO - [2023-03-02 14:26:14,082] {dag.py:2931} INFO - Setting next_dagrun for lowest_rated_movies to None, run_after=None
[2023-03-02 14:26:14,127] {processor.py:161} INFO - Processing /home/airflow/dags/lowest_rated_movies.py took 0.773 seconds
[2023-03-02 14:26:45,230] {processor.py:153} INFO - Started process (PID=448) to work on /home/airflow/dags/lowest_rated_movies.py
[2023-03-02 14:26:45,241] {processor.py:641} INFO - Processing file /home/airflow/dags/lowest_rated_movies.py for tasks to queue
[2023-03-02 14:26:45,247] {logging_mixin.py:115} INFO - [2023-03-02 14:26:45,247] {dagbag.py:507} INFO - Filling up the DagBag from /home/airflow/dags/lowest_rated_movies.py
[2023-03-02 14:26:45,851] {processor.py:651} INFO - DAG(s) dict_keys(['lowest_rated_movies']) retrieved from /home/airflow/dags/lowest_rated_movies.py
[2023-03-02 14:26:46,046] {logging_mixin.py:115} INFO - [2023-03-02 14:26:46,045] {dag.py:2379} INFO - Sync 1 DAGs
[2023-03-02 14:26:46,126] {logging_mixin.py:115} INFO - [2023-03-02 14:26:46,126] {dag.py:2931} INFO - Setting next_dagrun for lowest_rated_movies to None, run_after=None
[2023-03-02 14:26:46,208] {processor.py:161} INFO - Processing /home/airflow/dags/lowest_rated_movies.py took 1.007 seconds
[2023-03-02 14:27:16,798] {processor.py:153} INFO - Started process (PID=460) to work on /home/airflow/dags/lowest_rated_movies.py
[2023-03-02 14:27:16,800] {processor.py:641} INFO - Processing file /home/airflow/dags/lowest_rated_movies.py for tasks to queue
[2023-03-02 14:27:16,802] {logging_mixin.py:115} INFO - [2023-03-02 14:27:16,802] {dagbag.py:507} INFO - Filling up the DagBag from /home/airflow/dags/lowest_rated_movies.py
[2023-03-02 14:27:16,921] {processor.py:651} INFO - DAG(s) dict_keys(['lowest_rated_movies']) retrieved from /home/airflow/dags/lowest_rated_movies.py
[2023-03-02 14:27:17,015] {logging_mixin.py:115} INFO - [2023-03-02 14:27:17,014] {dag.py:2379} INFO - Sync 1 DAGs
[2023-03-02 14:27:17,101] {logging_mixin.py:115} INFO - [2023-03-02 14:27:17,101] {dag.py:2931} INFO - Setting next_dagrun for lowest_rated_movies to None, run_after=None
[2023-03-02 14:27:17,179] {processor.py:161} INFO - Processing /home/airflow/dags/lowest_rated_movies.py took 0.388 seconds
[2023-03-02 14:27:47,793] {processor.py:153} INFO - Started process (PID=469) to work on /home/airflow/dags/lowest_rated_movies.py
[2023-03-02 14:27:47,795] {processor.py:641} INFO - Processing file /home/airflow/dags/lowest_rated_movies.py for tasks to queue
[2023-03-02 14:27:47,801] {logging_mixin.py:115} INFO - [2023-03-02 14:27:47,800] {dagbag.py:507} INFO - Filling up the DagBag from /home/airflow/dags/lowest_rated_movies.py
[2023-03-02 14:27:47,895] {processor.py:651} INFO - DAG(s) dict_keys(['lowest_rated_movies']) retrieved from /home/airflow/dags/lowest_rated_movies.py
[2023-03-02 14:27:47,972] {logging_mixin.py:115} INFO - [2023-03-02 14:27:47,972] {dag.py:2379} INFO - Sync 1 DAGs
[2023-03-02 14:27:48,056] {logging_mixin.py:115} INFO - [2023-03-02 14:27:48,056] {dag.py:2931} INFO - Setting next_dagrun for lowest_rated_movies to None, run_after=None
[2023-03-02 14:27:48,103] {processor.py:161} INFO - Processing /home/airflow/dags/lowest_rated_movies.py took 0.319 seconds
[2023-03-02 14:28:18,719] {processor.py:153} INFO - Started process (PID=501) to work on /home/airflow/dags/lowest_rated_movies.py
[2023-03-02 14:28:18,721] {processor.py:641} INFO - Processing file /home/airflow/dags/lowest_rated_movies.py for tasks to queue
[2023-03-02 14:28:18,724] {logging_mixin.py:115} INFO - [2023-03-02 14:28:18,724] {dagbag.py:507} INFO - Filling up the DagBag from /home/airflow/dags/lowest_rated_movies.py
[2023-03-02 14:28:18,847] {processor.py:651} INFO - DAG(s) dict_keys(['lowest_rated_movies']) retrieved from /home/airflow/dags/lowest_rated_movies.py
[2023-03-02 14:28:18,917] {logging_mixin.py:115} INFO - [2023-03-02 14:28:18,917] {dag.py:2379} INFO - Sync 1 DAGs
[2023-03-02 14:28:18,981] {logging_mixin.py:115} INFO - [2023-03-02 14:28:18,980] {dag.py:2931} INFO - Setting next_dagrun for lowest_rated_movies to None, run_after=None
[2023-03-02 14:28:19,022] {processor.py:161} INFO - Processing /home/airflow/dags/lowest_rated_movies.py took 0.318 seconds
[2023-03-02 14:28:49,331] {processor.py:153} INFO - Started process (PID=598) to work on /home/airflow/dags/lowest_rated_movies.py
[2023-03-02 14:28:49,335] {processor.py:641} INFO - Processing file /home/airflow/dags/lowest_rated_movies.py for tasks to queue
[2023-03-02 14:28:49,337] {logging_mixin.py:115} INFO - [2023-03-02 14:28:49,337] {dagbag.py:507} INFO - Filling up the DagBag from /home/airflow/dags/lowest_rated_movies.py
[2023-03-02 14:28:49,777] {processor.py:651} INFO - DAG(s) dict_keys(['lowest_rated_movies']) retrieved from /home/airflow/dags/lowest_rated_movies.py
[2023-03-02 14:28:51,230] {logging_mixin.py:115} INFO - [2023-03-02 14:28:51,229] {dag.py:2379} INFO - Sync 1 DAGs
[2023-03-02 14:28:51,316] {logging_mixin.py:115} INFO - [2023-03-02 14:28:51,316] {dag.py:2931} INFO - Setting next_dagrun for lowest_rated_movies to None, run_after=None
[2023-03-02 14:28:51,384] {processor.py:161} INFO - Processing /home/airflow/dags/lowest_rated_movies.py took 2.069 seconds
[2023-03-02 14:33:07,458] {processor.py:153} INFO - Started process (PID=616) to work on /home/airflow/dags/lowest_rated_movies.py
[2023-03-02 14:33:10,297] {processor.py:641} INFO - Processing file /home/airflow/dags/lowest_rated_movies.py for tasks to queue
[2023-03-02 14:33:17,770] {logging_mixin.py:115} INFO - [2023-03-02 14:33:13,695] {dagbag.py:507} INFO - Filling up the DagBag from /home/airflow/dags/lowest_rated_movies.py
[2023-03-02 14:34:06,673] {logging_mixin.py:115} INFO - [2023-03-02 14:34:06,367] {timeout.py:67} ERROR - Process timed out, PID: 616
[2023-03-02 14:34:17,872] {logging_mixin.py:115} INFO - [2023-03-02 14:34:08,939] {dagbag.py:320} ERROR - Failed to import: /home/airflow/dags/lowest_rated_movies.py
Traceback (most recent call last):
  File "/usr/local/lib/python3.7/site-packages/airflow/models/dagbag.py", line 317, in parse
    loader.exec_module(new_module)
  File "<frozen importlib._bootstrap_external>", line 728, in exec_module
  File "<frozen importlib._bootstrap>", line 219, in _call_with_frames_removed
  File "/home/airflow/dags/lowest_rated_movies.py", line 3, in <module>
    from airflow.contrib.operators.spark_submit_operator import SparkSubmitOperator
  File "<frozen importlib._bootstrap>", line 983, in _find_and_load
  File "<frozen importlib._bootstrap>", line 963, in _find_and_load_unlocked
  File "<frozen importlib._bootstrap>", line 906, in _find_spec
  File "<frozen importlib._bootstrap_external>", line 1280, in find_spec
  File "<frozen importlib._bootstrap_external>", line 1252, in _get_spec
  File "<frozen importlib._bootstrap_external>", line 1364, in find_spec
  File "<frozen importlib._bootstrap_external>", line 81, in _path_stat
  File "/usr/local/lib/python3.7/site-packages/airflow/utils/timeout.py", line 68, in handle_timeout
    raise AirflowTaskTimeout(self.error_message)
airflow.exceptions.AirflowTaskTimeout: DagBag import timeout for /home/airflow/dags/lowest_rated_movies.py after 30.0s.
Please take a look at these docs to improve your DAG import time:
* https://airflow.apache.org/docs/apache-airflow/2.3.2/best-practices.html#top-level-python-code
* https://airflow.apache.org/docs/apache-airflow/2.3.2/best-practices.html#reducing-dag-complexity, PID: 616
[2023-03-02 14:34:23,556] {processor.py:653} WARNING - No viable dags retrieved from /home/airflow/dags/lowest_rated_movies.py
[2023-03-02 14:34:48,981] {processor.py:164} ERROR - Got an exception! Propagating...
Traceback (most recent call last):
  File "/usr/local/lib/python3.7/site-packages/sqlalchemy/engine/base.py", line 3141, in _wrap_pool_connect
    return fn()
  File "/usr/local/lib/python3.7/site-packages/sqlalchemy/pool/base.py", line 301, in connect
    return _ConnectionFairy._checkout(self)
  File "/usr/local/lib/python3.7/site-packages/sqlalchemy/pool/base.py", line 755, in _checkout
    fairy = _ConnectionRecord.checkout(pool)
  File "/usr/local/lib/python3.7/site-packages/sqlalchemy/pool/base.py", line 419, in checkout
    rec = pool._do_get()
  File "/usr/local/lib/python3.7/site-packages/sqlalchemy/pool/impl.py", line 145, in _do_get
    self._dec_overflow()
  File "/usr/local/lib/python3.7/site-packages/sqlalchemy/util/langhelpers.py", line 72, in __exit__
    with_traceback=exc_tb,
  File "/usr/local/lib/python3.7/site-packages/sqlalchemy/util/compat.py", line 211, in raise_
    raise exception
  File "/usr/local/lib/python3.7/site-packages/sqlalchemy/pool/impl.py", line 142, in _do_get
    return self._create_connection()
  File "/usr/local/lib/python3.7/site-packages/sqlalchemy/pool/base.py", line 247, in _create_connection
    return _ConnectionRecord(self)
  File "/usr/local/lib/python3.7/site-packages/sqlalchemy/pool/base.py", line 362, in __init__
    self.__connect(first_connect_check=True)
  File "/usr/local/lib/python3.7/site-packages/sqlalchemy/pool/base.py", line 605, in __connect
    pool.logger.debug("Error on connect(): %s", e)
  File "/usr/local/lib/python3.7/site-packages/sqlalchemy/util/langhelpers.py", line 72, in __exit__
    with_traceback=exc_tb,
  File "/usr/local/lib/python3.7/site-packages/sqlalchemy/util/compat.py", line 211, in raise_
    raise exception
  File "/usr/local/lib/python3.7/site-packages/sqlalchemy/pool/base.py", line 599, in __connect
    connection = pool._invoke_creator(self)
  File "/usr/local/lib/python3.7/site-packages/sqlalchemy/engine/create.py", line 578, in connect
    return dialect.connect(*cargs, **cparams)
  File "/usr/local/lib/python3.7/site-packages/sqlalchemy/engine/default.py", line 583, in connect
    return self.dbapi.connect(*cargs, **cparams)
  File "/usr/local/lib/python3.7/site-packages/psycopg2/__init__.py", line 122, in connect
    conn = _connect(dsn, connection_factory=connection_factory, **kwasync)
psycopg2.OperationalError: could not translate host name "postgres" to address: Temporary failure in name resolution


The above exception was the direct cause of the following exception:

Traceback (most recent call last):
  File "/usr/local/lib/python3.7/site-packages/airflow/dag_processing/processor.py", line 158, in _run_file_processor
    callback_requests=callback_requests,
  File "/usr/local/lib/python3.7/site-packages/airflow/utils/session.py", line 71, in wrapper
    return func(*args, session=session, **kwargs)
  File "/usr/local/lib/python3.7/site-packages/airflow/dag_processing/processor.py", line 654, in process_file
    self.update_import_errors(session, dagbag)
  File "/usr/local/lib/python3.7/site-packages/airflow/dag_processing/processor.py", line 541, in update_import_errors
    existing_import_error_files = [x.filename for x in session.query(errors.ImportError.filename).all()]
  File "/usr/local/lib/python3.7/site-packages/sqlalchemy/orm/query.py", line 2683, in all
    return self._iter().all()
  File "/usr/local/lib/python3.7/site-packages/sqlalchemy/orm/query.py", line 2821, in _iter
    execution_options={"_sa_orm_load_options": self.load_options},
  File "/usr/local/lib/python3.7/site-packages/sqlalchemy/orm/session.py", line 1669, in execute
    conn = self._connection_for_bind(bind, close_with_result=True)
  File "/usr/local/lib/python3.7/site-packages/sqlalchemy/orm/session.py", line 1520, in _connection_for_bind
    engine, execution_options
  File "/usr/local/lib/python3.7/site-packages/sqlalchemy/orm/session.py", line 747, in _connection_for_bind
    conn = bind.connect()
  File "/usr/local/lib/python3.7/site-packages/sqlalchemy/engine/base.py", line 3095, in connect
    return self._connection_cls(self, close_with_result=close_with_result)
  File "/usr/local/lib/python3.7/site-packages/sqlalchemy/engine/base.py", line 91, in __init__
    else engine.raw_connection()
  File "/usr/local/lib/python3.7/site-packages/sqlalchemy/engine/base.py", line 3174, in raw_connection
    return self._wrap_pool_connect(self.pool.connect, _connection)
  File "/usr/local/lib/python3.7/site-packages/sqlalchemy/engine/base.py", line 3145, in _wrap_pool_connect
    e, dialect, self
  File "/usr/local/lib/python3.7/site-packages/sqlalchemy/engine/base.py", line 2004, in _handle_dbapi_exception_noconnection
    sqlalchemy_exception, with_traceback=exc_info[2], from_=e
  File "/usr/local/lib/python3.7/site-packages/sqlalchemy/util/compat.py", line 211, in raise_
    raise exception
  File "/usr/local/lib/python3.7/site-packages/sqlalchemy/engine/base.py", line 3141, in _wrap_pool_connect
    return fn()
  File "/usr/local/lib/python3.7/site-packages/sqlalchemy/pool/base.py", line 301, in connect
    return _ConnectionFairy._checkout(self)
  File "/usr/local/lib/python3.7/site-packages/sqlalchemy/pool/base.py", line 755, in _checkout
    fairy = _ConnectionRecord.checkout(pool)
  File "/usr/local/lib/python3.7/site-packages/sqlalchemy/pool/base.py", line 419, in checkout
    rec = pool._do_get()
  File "/usr/local/lib/python3.7/site-packages/sqlalchemy/pool/impl.py", line 145, in _do_get
    self._dec_overflow()
  File "/usr/local/lib/python3.7/site-packages/sqlalchemy/util/langhelpers.py", line 72, in __exit__
    with_traceback=exc_tb,
  File "/usr/local/lib/python3.7/site-packages/sqlalchemy/util/compat.py", line 211, in raise_
    raise exception
  File "/usr/local/lib/python3.7/site-packages/sqlalchemy/pool/impl.py", line 142, in _do_get
    return self._create_connection()
  File "/usr/local/lib/python3.7/site-packages/sqlalchemy/pool/base.py", line 247, in _create_connection
    return _ConnectionRecord(self)
  File "/usr/local/lib/python3.7/site-packages/sqlalchemy/pool/base.py", line 362, in __init__
    self.__connect(first_connect_check=True)
  File "/usr/local/lib/python3.7/site-packages/sqlalchemy/pool/base.py", line 605, in __connect
    pool.logger.debug("Error on connect(): %s", e)
  File "/usr/local/lib/python3.7/site-packages/sqlalchemy/util/langhelpers.py", line 72, in __exit__
    with_traceback=exc_tb,
  File "/usr/local/lib/python3.7/site-packages/sqlalchemy/util/compat.py", line 211, in raise_
    raise exception
  File "/usr/local/lib/python3.7/site-packages/sqlalchemy/pool/base.py", line 599, in __connect
    connection = pool._invoke_creator(self)
  File "/usr/local/lib/python3.7/site-packages/sqlalchemy/engine/create.py", line 578, in connect
    return dialect.connect(*cargs, **cparams)
  File "/usr/local/lib/python3.7/site-packages/sqlalchemy/engine/default.py", line 583, in connect
    return self.dbapi.connect(*cargs, **cparams)
  File "/usr/local/lib/python3.7/site-packages/psycopg2/__init__.py", line 122, in connect
    conn = _connect(dsn, connection_factory=connection_factory, **kwasync)
sqlalchemy.exc.OperationalError: (psycopg2.OperationalError) could not translate host name "postgres" to address: Temporary failure in name resolution

(Background on this error at: http://sqlalche.me/e/14/e3q8)
[2023-03-02 14:35:38,406] {processor.py:153} INFO - Started process (PID=627) to work on /home/airflow/dags/lowest_rated_movies.py
[2023-03-02 14:35:38,408] {processor.py:641} INFO - Processing file /home/airflow/dags/lowest_rated_movies.py for tasks to queue
[2023-03-02 14:35:38,410] {logging_mixin.py:115} INFO - [2023-03-02 14:35:38,409] {dagbag.py:507} INFO - Filling up the DagBag from /home/airflow/dags/lowest_rated_movies.py
[2023-03-02 14:35:41,524] {processor.py:651} INFO - DAG(s) dict_keys(['lowest_rated_movies']) retrieved from /home/airflow/dags/lowest_rated_movies.py
[2023-03-02 15:29:39,824] {logging_mixin.py:115} INFO - [2023-03-02 15:29:39,822] {dag.py:2379} INFO - Sync 1 DAGs
[2023-03-02 15:29:40,183] {processor.py:153} INFO - Started process (PID=637) to work on /home/airflow/dags/lowest_rated_movies.py
[2023-03-02 15:29:40,191] {processor.py:641} INFO - Processing file /home/airflow/dags/lowest_rated_movies.py for tasks to queue
[2023-03-02 15:29:40,192] {logging_mixin.py:115} INFO - [2023-03-02 15:29:40,192] {dagbag.py:507} INFO - Filling up the DagBag from /home/airflow/dags/lowest_rated_movies.py
[2023-03-02 15:29:40,424] {processor.py:651} INFO - DAG(s) dict_keys(['lowest_rated_movies']) retrieved from /home/airflow/dags/lowest_rated_movies.py
[2023-03-02 15:29:40,466] {logging_mixin.py:115} INFO - [2023-03-02 15:29:40,466] {dag.py:2379} INFO - Sync 1 DAGs
[2023-03-02 15:29:40,787] {logging_mixin.py:115} INFO - [2023-03-02 15:29:40,787] {dag.py:2931} INFO - Setting next_dagrun for lowest_rated_movies to None, run_after=None
[2023-03-02 15:29:40,861] {processor.py:161} INFO - Processing /home/airflow/dags/lowest_rated_movies.py took 0.688 seconds
[2023-03-02 15:30:11,147] {processor.py:153} INFO - Started process (PID=646) to work on /home/airflow/dags/lowest_rated_movies.py
[2023-03-02 15:30:11,148] {processor.py:641} INFO - Processing file /home/airflow/dags/lowest_rated_movies.py for tasks to queue
[2023-03-02 15:30:11,149] {logging_mixin.py:115} INFO - [2023-03-02 15:30:11,149] {dagbag.py:507} INFO - Filling up the DagBag from /home/airflow/dags/lowest_rated_movies.py
[2023-03-02 15:30:11,243] {processor.py:651} INFO - DAG(s) dict_keys(['lowest_rated_movies']) retrieved from /home/airflow/dags/lowest_rated_movies.py
[2023-03-02 15:30:11,435] {logging_mixin.py:115} INFO - [2023-03-02 15:30:11,434] {dag.py:2379} INFO - Sync 1 DAGs
[2023-03-02 15:30:11,463] {logging_mixin.py:115} INFO - [2023-03-02 15:30:11,462] {dag.py:2931} INFO - Setting next_dagrun for lowest_rated_movies to None, run_after=None
[2023-03-02 15:30:11,483] {processor.py:161} INFO - Processing /home/airflow/dags/lowest_rated_movies.py took 0.349 seconds
[2023-03-02 15:30:41,968] {processor.py:153} INFO - Started process (PID=656) to work on /home/airflow/dags/lowest_rated_movies.py
[2023-03-02 15:30:41,970] {processor.py:641} INFO - Processing file /home/airflow/dags/lowest_rated_movies.py for tasks to queue
[2023-03-02 15:30:41,972] {logging_mixin.py:115} INFO - [2023-03-02 15:30:41,971] {dagbag.py:507} INFO - Filling up the DagBag from /home/airflow/dags/lowest_rated_movies.py
[2023-03-02 15:30:42,107] {processor.py:651} INFO - DAG(s) dict_keys(['lowest_rated_movies']) retrieved from /home/airflow/dags/lowest_rated_movies.py
[2023-03-02 15:30:42,333] {logging_mixin.py:115} INFO - [2023-03-02 15:30:42,333] {dag.py:2379} INFO - Sync 1 DAGs
[2023-03-02 15:30:42,380] {logging_mixin.py:115} INFO - [2023-03-02 15:30:42,380] {dag.py:2931} INFO - Setting next_dagrun for lowest_rated_movies to None, run_after=None
[2023-03-02 15:30:42,447] {processor.py:161} INFO - Processing /home/airflow/dags/lowest_rated_movies.py took 0.501 seconds
[2023-03-02 15:31:13,564] {processor.py:153} INFO - Started process (PID=666) to work on /home/airflow/dags/lowest_rated_movies.py
[2023-03-02 15:31:13,565] {processor.py:641} INFO - Processing file /home/airflow/dags/lowest_rated_movies.py for tasks to queue
[2023-03-02 15:31:13,567] {logging_mixin.py:115} INFO - [2023-03-02 15:31:13,566] {dagbag.py:507} INFO - Filling up the DagBag from /home/airflow/dags/lowest_rated_movies.py
[2023-03-02 15:31:13,645] {processor.py:651} INFO - DAG(s) dict_keys(['lowest_rated_movies']) retrieved from /home/airflow/dags/lowest_rated_movies.py
[2023-03-02 15:31:13,878] {logging_mixin.py:115} INFO - [2023-03-02 15:31:13,878] {dag.py:2379} INFO - Sync 1 DAGs
[2023-03-02 15:31:13,916] {logging_mixin.py:115} INFO - [2023-03-02 15:31:13,916] {dag.py:2931} INFO - Setting next_dagrun for lowest_rated_movies to None, run_after=None
[2023-03-02 15:31:13,948] {processor.py:161} INFO - Processing /home/airflow/dags/lowest_rated_movies.py took 0.399 seconds
[2023-03-02 15:31:44,362] {processor.py:153} INFO - Started process (PID=676) to work on /home/airflow/dags/lowest_rated_movies.py
[2023-03-02 15:31:44,364] {processor.py:641} INFO - Processing file /home/airflow/dags/lowest_rated_movies.py for tasks to queue
[2023-03-02 15:31:44,365] {logging_mixin.py:115} INFO - [2023-03-02 15:31:44,365] {dagbag.py:507} INFO - Filling up the DagBag from /home/airflow/dags/lowest_rated_movies.py
[2023-03-02 15:31:44,438] {processor.py:651} INFO - DAG(s) dict_keys(['lowest_rated_movies']) retrieved from /home/airflow/dags/lowest_rated_movies.py
[2023-03-02 15:31:44,522] {logging_mixin.py:115} INFO - [2023-03-02 15:31:44,522] {dag.py:2379} INFO - Sync 1 DAGs
[2023-03-02 15:31:44,571] {logging_mixin.py:115} INFO - [2023-03-02 15:31:44,571] {dag.py:2931} INFO - Setting next_dagrun for lowest_rated_movies to None, run_after=None
[2023-03-02 15:31:44,618] {processor.py:161} INFO - Processing /home/airflow/dags/lowest_rated_movies.py took 0.262 seconds
[2023-03-02 15:32:14,950] {processor.py:153} INFO - Started process (PID=686) to work on /home/airflow/dags/lowest_rated_movies.py
[2023-03-02 15:32:14,952] {processor.py:641} INFO - Processing file /home/airflow/dags/lowest_rated_movies.py for tasks to queue
[2023-03-02 15:32:14,953] {logging_mixin.py:115} INFO - [2023-03-02 15:32:14,953] {dagbag.py:507} INFO - Filling up the DagBag from /home/airflow/dags/lowest_rated_movies.py
[2023-03-02 15:32:15,018] {processor.py:651} INFO - DAG(s) dict_keys(['lowest_rated_movies']) retrieved from /home/airflow/dags/lowest_rated_movies.py
[2023-03-02 15:32:15,089] {logging_mixin.py:115} INFO - [2023-03-02 15:32:15,089] {dag.py:2379} INFO - Sync 1 DAGs
[2023-03-02 15:32:15,126] {logging_mixin.py:115} INFO - [2023-03-02 15:32:15,125] {dag.py:2931} INFO - Setting next_dagrun for lowest_rated_movies to None, run_after=None
[2023-03-02 15:32:15,190] {processor.py:161} INFO - Processing /home/airflow/dags/lowest_rated_movies.py took 0.246 seconds
[2023-03-02 15:32:45,572] {processor.py:153} INFO - Started process (PID=696) to work on /home/airflow/dags/lowest_rated_movies.py
[2023-03-02 15:32:45,574] {processor.py:641} INFO - Processing file /home/airflow/dags/lowest_rated_movies.py for tasks to queue
[2023-03-02 15:32:45,576] {logging_mixin.py:115} INFO - [2023-03-02 15:32:45,576] {dagbag.py:507} INFO - Filling up the DagBag from /home/airflow/dags/lowest_rated_movies.py
[2023-03-02 15:32:45,645] {processor.py:651} INFO - DAG(s) dict_keys(['lowest_rated_movies']) retrieved from /home/airflow/dags/lowest_rated_movies.py
[2023-03-02 15:32:45,852] {logging_mixin.py:115} INFO - [2023-03-02 15:32:45,852] {dag.py:2379} INFO - Sync 1 DAGs
[2023-03-02 15:32:45,902] {logging_mixin.py:115} INFO - [2023-03-02 15:32:45,902] {dag.py:2931} INFO - Setting next_dagrun for lowest_rated_movies to None, run_after=None
[2023-03-02 15:32:45,942] {processor.py:161} INFO - Processing /home/airflow/dags/lowest_rated_movies.py took 0.395 seconds
[2023-03-02 15:33:16,285] {processor.py:153} INFO - Started process (PID=706) to work on /home/airflow/dags/lowest_rated_movies.py
[2023-03-02 15:33:16,286] {processor.py:641} INFO - Processing file /home/airflow/dags/lowest_rated_movies.py for tasks to queue
[2023-03-02 15:33:16,287] {logging_mixin.py:115} INFO - [2023-03-02 15:33:16,287] {dagbag.py:507} INFO - Filling up the DagBag from /home/airflow/dags/lowest_rated_movies.py
[2023-03-02 15:33:16,350] {processor.py:651} INFO - DAG(s) dict_keys(['lowest_rated_movies']) retrieved from /home/airflow/dags/lowest_rated_movies.py
[2023-03-02 15:33:16,484] {logging_mixin.py:115} INFO - [2023-03-02 15:33:16,484] {dag.py:2379} INFO - Sync 1 DAGs
[2023-03-02 15:33:16,515] {logging_mixin.py:115} INFO - [2023-03-02 15:33:16,515] {dag.py:2931} INFO - Setting next_dagrun for lowest_rated_movies to None, run_after=None
[2023-03-02 15:33:16,544] {processor.py:161} INFO - Processing /home/airflow/dags/lowest_rated_movies.py took 0.266 seconds
[2023-03-02 15:33:46,819] {processor.py:153} INFO - Started process (PID=716) to work on /home/airflow/dags/lowest_rated_movies.py
[2023-03-02 15:33:46,820] {processor.py:641} INFO - Processing file /home/airflow/dags/lowest_rated_movies.py for tasks to queue
[2023-03-02 15:33:46,822] {logging_mixin.py:115} INFO - [2023-03-02 15:33:46,822] {dagbag.py:507} INFO - Filling up the DagBag from /home/airflow/dags/lowest_rated_movies.py
[2023-03-02 15:33:46,895] {processor.py:651} INFO - DAG(s) dict_keys(['lowest_rated_movies']) retrieved from /home/airflow/dags/lowest_rated_movies.py
[2023-03-02 15:33:47,081] {logging_mixin.py:115} INFO - [2023-03-02 15:33:47,081] {dag.py:2379} INFO - Sync 1 DAGs
[2023-03-02 15:33:47,117] {logging_mixin.py:115} INFO - [2023-03-02 15:33:47,117] {dag.py:2931} INFO - Setting next_dagrun for lowest_rated_movies to None, run_after=None
[2023-03-02 15:33:47,144] {processor.py:161} INFO - Processing /home/airflow/dags/lowest_rated_movies.py took 0.333 seconds
[2023-03-02 15:34:17,861] {processor.py:153} INFO - Started process (PID=726) to work on /home/airflow/dags/lowest_rated_movies.py
[2023-03-02 15:34:17,862] {processor.py:641} INFO - Processing file /home/airflow/dags/lowest_rated_movies.py for tasks to queue
[2023-03-02 15:34:17,865] {logging_mixin.py:115} INFO - [2023-03-02 15:34:17,865] {dagbag.py:507} INFO - Filling up the DagBag from /home/airflow/dags/lowest_rated_movies.py
[2023-03-02 15:34:18,009] {processor.py:651} INFO - DAG(s) dict_keys(['lowest_rated_movies']) retrieved from /home/airflow/dags/lowest_rated_movies.py
[2023-03-02 15:34:18,237] {logging_mixin.py:115} INFO - [2023-03-02 15:34:18,237] {dag.py:2379} INFO - Sync 1 DAGs
[2023-03-02 15:34:18,272] {logging_mixin.py:115} INFO - [2023-03-02 15:34:18,272] {dag.py:2931} INFO - Setting next_dagrun for lowest_rated_movies to None, run_after=None
[2023-03-02 15:34:18,300] {processor.py:161} INFO - Processing /home/airflow/dags/lowest_rated_movies.py took 0.455 seconds
[2023-03-02 15:34:48,530] {processor.py:153} INFO - Started process (PID=736) to work on /home/airflow/dags/lowest_rated_movies.py
[2023-03-02 15:34:48,531] {processor.py:641} INFO - Processing file /home/airflow/dags/lowest_rated_movies.py for tasks to queue
[2023-03-02 15:34:48,533] {logging_mixin.py:115} INFO - [2023-03-02 15:34:48,532] {dagbag.py:507} INFO - Filling up the DagBag from /home/airflow/dags/lowest_rated_movies.py
[2023-03-02 15:34:48,613] {processor.py:651} INFO - DAG(s) dict_keys(['lowest_rated_movies']) retrieved from /home/airflow/dags/lowest_rated_movies.py
[2023-03-02 15:34:48,771] {logging_mixin.py:115} INFO - [2023-03-02 15:34:48,771] {dag.py:2379} INFO - Sync 1 DAGs
[2023-03-02 15:34:48,810] {logging_mixin.py:115} INFO - [2023-03-02 15:34:48,810] {dag.py:2931} INFO - Setting next_dagrun for lowest_rated_movies to None, run_after=None
[2023-03-02 15:34:48,842] {processor.py:161} INFO - Processing /home/airflow/dags/lowest_rated_movies.py took 0.326 seconds
[2023-03-02 15:35:19,105] {processor.py:153} INFO - Started process (PID=748) to work on /home/airflow/dags/lowest_rated_movies.py
[2023-03-02 15:35:19,106] {processor.py:641} INFO - Processing file /home/airflow/dags/lowest_rated_movies.py for tasks to queue
[2023-03-02 15:35:19,107] {logging_mixin.py:115} INFO - [2023-03-02 15:35:19,107] {dagbag.py:507} INFO - Filling up the DagBag from /home/airflow/dags/lowest_rated_movies.py
[2023-03-02 15:35:19,145] {processor.py:651} INFO - DAG(s) dict_keys(['lowest_rated_movies']) retrieved from /home/airflow/dags/lowest_rated_movies.py
[2023-03-02 15:35:19,169] {logging_mixin.py:115} INFO - [2023-03-02 15:35:19,169] {dag.py:2379} INFO - Sync 1 DAGs
[2023-03-02 15:35:19,194] {logging_mixin.py:115} INFO - [2023-03-02 15:35:19,194] {dag.py:2931} INFO - Setting next_dagrun for lowest_rated_movies to None, run_after=None
[2023-03-02 15:35:19,215] {processor.py:161} INFO - Processing /home/airflow/dags/lowest_rated_movies.py took 0.114 seconds
[2023-03-02 15:35:49,658] {processor.py:153} INFO - Started process (PID=756) to work on /home/airflow/dags/lowest_rated_movies.py
[2023-03-02 15:35:49,659] {processor.py:641} INFO - Processing file /home/airflow/dags/lowest_rated_movies.py for tasks to queue
[2023-03-02 15:35:49,660] {logging_mixin.py:115} INFO - [2023-03-02 15:35:49,660] {dagbag.py:507} INFO - Filling up the DagBag from /home/airflow/dags/lowest_rated_movies.py
[2023-03-02 15:35:49,773] {processor.py:651} INFO - DAG(s) dict_keys(['lowest_rated_movies']) retrieved from /home/airflow/dags/lowest_rated_movies.py
[2023-03-02 15:35:49,999] {logging_mixin.py:115} INFO - [2023-03-02 15:35:49,999] {dag.py:2379} INFO - Sync 1 DAGs
[2023-03-02 15:35:50,036] {logging_mixin.py:115} INFO - [2023-03-02 15:35:50,036] {dag.py:2931} INFO - Setting next_dagrun for lowest_rated_movies to None, run_after=None
[2023-03-02 15:35:50,062] {processor.py:161} INFO - Processing /home/airflow/dags/lowest_rated_movies.py took 0.413 seconds
[2023-03-02 15:36:20,377] {processor.py:153} INFO - Started process (PID=766) to work on /home/airflow/dags/lowest_rated_movies.py
[2023-03-02 15:36:20,378] {processor.py:641} INFO - Processing file /home/airflow/dags/lowest_rated_movies.py for tasks to queue
[2023-03-02 15:36:20,380] {logging_mixin.py:115} INFO - [2023-03-02 15:36:20,379] {dagbag.py:507} INFO - Filling up the DagBag from /home/airflow/dags/lowest_rated_movies.py
[2023-03-02 15:36:20,575] {processor.py:651} INFO - DAG(s) dict_keys(['lowest_rated_movies']) retrieved from /home/airflow/dags/lowest_rated_movies.py
[2023-03-02 15:36:20,737] {logging_mixin.py:115} INFO - [2023-03-02 15:36:20,737] {dag.py:2379} INFO - Sync 1 DAGs
[2023-03-02 15:36:20,770] {logging_mixin.py:115} INFO - [2023-03-02 15:36:20,770] {dag.py:2931} INFO - Setting next_dagrun for lowest_rated_movies to None, run_after=None
[2023-03-02 15:36:20,800] {processor.py:161} INFO - Processing /home/airflow/dags/lowest_rated_movies.py took 0.428 seconds
[2023-03-02 15:36:51,193] {processor.py:153} INFO - Started process (PID=776) to work on /home/airflow/dags/lowest_rated_movies.py
[2023-03-02 15:36:51,194] {processor.py:641} INFO - Processing file /home/airflow/dags/lowest_rated_movies.py for tasks to queue
[2023-03-02 15:36:51,195] {logging_mixin.py:115} INFO - [2023-03-02 15:36:51,195] {dagbag.py:507} INFO - Filling up the DagBag from /home/airflow/dags/lowest_rated_movies.py
[2023-03-02 15:36:51,259] {processor.py:651} INFO - DAG(s) dict_keys(['lowest_rated_movies']) retrieved from /home/airflow/dags/lowest_rated_movies.py
[2023-03-02 15:36:51,438] {logging_mixin.py:115} INFO - [2023-03-02 15:36:51,438] {dag.py:2379} INFO - Sync 1 DAGs
[2023-03-02 15:36:51,471] {logging_mixin.py:115} INFO - [2023-03-02 15:36:51,471] {dag.py:2931} INFO - Setting next_dagrun for lowest_rated_movies to None, run_after=None
[2023-03-02 15:36:51,502] {processor.py:161} INFO - Processing /home/airflow/dags/lowest_rated_movies.py took 0.316 seconds
[2023-03-02 15:37:21,800] {processor.py:153} INFO - Started process (PID=786) to work on /home/airflow/dags/lowest_rated_movies.py
[2023-03-02 15:37:21,801] {processor.py:641} INFO - Processing file /home/airflow/dags/lowest_rated_movies.py for tasks to queue
[2023-03-02 15:37:21,803] {logging_mixin.py:115} INFO - [2023-03-02 15:37:21,803] {dagbag.py:507} INFO - Filling up the DagBag from /home/airflow/dags/lowest_rated_movies.py
[2023-03-02 15:37:21,869] {processor.py:651} INFO - DAG(s) dict_keys(['lowest_rated_movies']) retrieved from /home/airflow/dags/lowest_rated_movies.py
[2023-03-02 15:37:22,065] {logging_mixin.py:115} INFO - [2023-03-02 15:37:22,064] {dag.py:2379} INFO - Sync 1 DAGs
[2023-03-02 15:37:22,145] {logging_mixin.py:115} INFO - [2023-03-02 15:37:22,145] {dag.py:2931} INFO - Setting next_dagrun for lowest_rated_movies to None, run_after=None
[2023-03-02 15:37:22,170] {processor.py:161} INFO - Processing /home/airflow/dags/lowest_rated_movies.py took 0.378 seconds
[2023-03-02 15:37:52,508] {processor.py:153} INFO - Started process (PID=796) to work on /home/airflow/dags/lowest_rated_movies.py
[2023-03-02 15:37:52,509] {processor.py:641} INFO - Processing file /home/airflow/dags/lowest_rated_movies.py for tasks to queue
[2023-03-02 15:37:52,510] {logging_mixin.py:115} INFO - [2023-03-02 15:37:52,510] {dagbag.py:507} INFO - Filling up the DagBag from /home/airflow/dags/lowest_rated_movies.py
[2023-03-02 15:37:52,572] {processor.py:651} INFO - DAG(s) dict_keys(['lowest_rated_movies']) retrieved from /home/airflow/dags/lowest_rated_movies.py
[2023-03-02 15:37:52,710] {logging_mixin.py:115} INFO - [2023-03-02 15:37:52,710] {dag.py:2379} INFO - Sync 1 DAGs
[2023-03-02 15:37:52,742] {logging_mixin.py:115} INFO - [2023-03-02 15:37:52,742] {dag.py:2931} INFO - Setting next_dagrun for lowest_rated_movies to None, run_after=None
[2023-03-02 15:37:52,769] {processor.py:161} INFO - Processing /home/airflow/dags/lowest_rated_movies.py took 0.271 seconds
[2023-03-02 15:38:23,158] {processor.py:153} INFO - Started process (PID=806) to work on /home/airflow/dags/lowest_rated_movies.py
[2023-03-02 15:38:23,159] {processor.py:641} INFO - Processing file /home/airflow/dags/lowest_rated_movies.py for tasks to queue
[2023-03-02 15:38:23,161] {logging_mixin.py:115} INFO - [2023-03-02 15:38:23,160] {dagbag.py:507} INFO - Filling up the DagBag from /home/airflow/dags/lowest_rated_movies.py
[2023-03-02 15:38:23,250] {processor.py:651} INFO - DAG(s) dict_keys(['lowest_rated_movies']) retrieved from /home/airflow/dags/lowest_rated_movies.py
[2023-03-02 15:38:23,466] {logging_mixin.py:115} INFO - [2023-03-02 15:38:23,466] {dag.py:2379} INFO - Sync 1 DAGs
[2023-03-02 15:38:23,501] {logging_mixin.py:115} INFO - [2023-03-02 15:38:23,501] {dag.py:2931} INFO - Setting next_dagrun for lowest_rated_movies to None, run_after=None
[2023-03-02 15:38:23,529] {processor.py:161} INFO - Processing /home/airflow/dags/lowest_rated_movies.py took 0.390 seconds
[2023-03-02 15:38:53,838] {processor.py:153} INFO - Started process (PID=816) to work on /home/airflow/dags/lowest_rated_movies.py
[2023-03-02 15:38:53,841] {processor.py:641} INFO - Processing file /home/airflow/dags/lowest_rated_movies.py for tasks to queue
[2023-03-02 15:38:53,842] {logging_mixin.py:115} INFO - [2023-03-02 15:38:53,842] {dagbag.py:507} INFO - Filling up the DagBag from /home/airflow/dags/lowest_rated_movies.py
[2023-03-02 15:38:53,936] {processor.py:651} INFO - DAG(s) dict_keys(['lowest_rated_movies']) retrieved from /home/airflow/dags/lowest_rated_movies.py
[2023-03-02 15:38:54,185] {logging_mixin.py:115} INFO - [2023-03-02 15:38:54,184] {dag.py:2379} INFO - Sync 1 DAGs
[2023-03-02 15:38:54,224] {logging_mixin.py:115} INFO - [2023-03-02 15:38:54,224] {dag.py:2931} INFO - Setting next_dagrun for lowest_rated_movies to None, run_after=None
[2023-03-02 15:38:54,257] {processor.py:161} INFO - Processing /home/airflow/dags/lowest_rated_movies.py took 0.427 seconds
[2023-03-02 15:39:24,662] {processor.py:153} INFO - Started process (PID=826) to work on /home/airflow/dags/lowest_rated_movies.py
[2023-03-02 15:39:24,666] {processor.py:641} INFO - Processing file /home/airflow/dags/lowest_rated_movies.py for tasks to queue
[2023-03-02 15:39:24,668] {logging_mixin.py:115} INFO - [2023-03-02 15:39:24,668] {dagbag.py:507} INFO - Filling up the DagBag from /home/airflow/dags/lowest_rated_movies.py
[2023-03-02 15:39:24,791] {processor.py:651} INFO - DAG(s) dict_keys(['lowest_rated_movies']) retrieved from /home/airflow/dags/lowest_rated_movies.py
[2023-03-02 15:39:25,154] {logging_mixin.py:115} INFO - [2023-03-02 15:39:25,154] {dag.py:2379} INFO - Sync 1 DAGs
[2023-03-02 15:39:25,242] {logging_mixin.py:115} INFO - [2023-03-02 15:39:25,242] {dag.py:2931} INFO - Setting next_dagrun for lowest_rated_movies to None, run_after=None
[2023-03-02 15:39:25,288] {processor.py:161} INFO - Processing /home/airflow/dags/lowest_rated_movies.py took 0.638 seconds
[2023-03-02 15:39:55,841] {processor.py:153} INFO - Started process (PID=836) to work on /home/airflow/dags/lowest_rated_movies.py
[2023-03-02 15:39:55,842] {processor.py:641} INFO - Processing file /home/airflow/dags/lowest_rated_movies.py for tasks to queue
[2023-03-02 15:39:55,843] {logging_mixin.py:115} INFO - [2023-03-02 15:39:55,843] {dagbag.py:507} INFO - Filling up the DagBag from /home/airflow/dags/lowest_rated_movies.py
[2023-03-02 15:39:55,989] {processor.py:651} INFO - DAG(s) dict_keys(['lowest_rated_movies']) retrieved from /home/airflow/dags/lowest_rated_movies.py
[2023-03-02 15:39:56,033] {logging_mixin.py:115} INFO - [2023-03-02 15:39:56,033] {dag.py:2379} INFO - Sync 1 DAGs
[2023-03-02 15:39:56,067] {logging_mixin.py:115} INFO - [2023-03-02 15:39:56,067] {dag.py:2931} INFO - Setting next_dagrun for lowest_rated_movies to None, run_after=None
[2023-03-02 15:39:56,744] {processor.py:161} INFO - Processing /home/airflow/dags/lowest_rated_movies.py took 0.911 seconds
[2023-03-02 15:40:27,164] {processor.py:153} INFO - Started process (PID=846) to work on /home/airflow/dags/lowest_rated_movies.py
[2023-03-02 15:40:27,166] {processor.py:641} INFO - Processing file /home/airflow/dags/lowest_rated_movies.py for tasks to queue
[2023-03-02 15:40:27,167] {logging_mixin.py:115} INFO - [2023-03-02 15:40:27,167] {dagbag.py:507} INFO - Filling up the DagBag from /home/airflow/dags/lowest_rated_movies.py
[2023-03-02 15:40:27,239] {processor.py:651} INFO - DAG(s) dict_keys(['lowest_rated_movies']) retrieved from /home/airflow/dags/lowest_rated_movies.py
[2023-03-02 15:40:27,576] {logging_mixin.py:115} INFO - [2023-03-02 15:40:27,576] {dag.py:2379} INFO - Sync 1 DAGs
[2023-03-02 15:40:27,617] {logging_mixin.py:115} INFO - [2023-03-02 15:40:27,617] {dag.py:2931} INFO - Setting next_dagrun for lowest_rated_movies to None, run_after=None
[2023-03-02 15:40:27,706] {processor.py:161} INFO - Processing /home/airflow/dags/lowest_rated_movies.py took 0.549 seconds
[2023-03-02 15:40:58,022] {processor.py:153} INFO - Started process (PID=856) to work on /home/airflow/dags/lowest_rated_movies.py
[2023-03-02 15:40:58,024] {processor.py:641} INFO - Processing file /home/airflow/dags/lowest_rated_movies.py for tasks to queue
[2023-03-02 15:40:58,025] {logging_mixin.py:115} INFO - [2023-03-02 15:40:58,025] {dagbag.py:507} INFO - Filling up the DagBag from /home/airflow/dags/lowest_rated_movies.py
[2023-03-02 15:40:58,106] {processor.py:651} INFO - DAG(s) dict_keys(['lowest_rated_movies']) retrieved from /home/airflow/dags/lowest_rated_movies.py
[2023-03-02 15:40:58,290] {logging_mixin.py:115} INFO - [2023-03-02 15:40:58,290] {dag.py:2379} INFO - Sync 1 DAGs
[2023-03-02 15:40:58,329] {logging_mixin.py:115} INFO - [2023-03-02 15:40:58,327] {dag.py:2931} INFO - Setting next_dagrun for lowest_rated_movies to None, run_after=None
[2023-03-02 15:40:58,357] {processor.py:161} INFO - Processing /home/airflow/dags/lowest_rated_movies.py took 0.344 seconds
[2023-03-02 15:41:28,847] {processor.py:153} INFO - Started process (PID=866) to work on /home/airflow/dags/lowest_rated_movies.py
[2023-03-02 15:41:28,850] {processor.py:641} INFO - Processing file /home/airflow/dags/lowest_rated_movies.py for tasks to queue
[2023-03-02 15:41:28,852] {logging_mixin.py:115} INFO - [2023-03-02 15:41:28,852] {dagbag.py:507} INFO - Filling up the DagBag from /home/airflow/dags/lowest_rated_movies.py
[2023-03-02 15:41:29,006] {processor.py:651} INFO - DAG(s) dict_keys(['lowest_rated_movies']) retrieved from /home/airflow/dags/lowest_rated_movies.py
[2023-03-02 15:41:29,406] {logging_mixin.py:115} INFO - [2023-03-02 15:41:29,406] {dag.py:2379} INFO - Sync 1 DAGs
[2023-03-02 15:41:29,457] {logging_mixin.py:115} INFO - [2023-03-02 15:41:29,457] {dag.py:2931} INFO - Setting next_dagrun for lowest_rated_movies to None, run_after=None
[2023-03-02 15:41:29,507] {processor.py:161} INFO - Processing /home/airflow/dags/lowest_rated_movies.py took 0.669 seconds
[2023-03-02 15:41:59,965] {processor.py:153} INFO - Started process (PID=876) to work on /home/airflow/dags/lowest_rated_movies.py
[2023-03-02 15:41:59,968] {processor.py:641} INFO - Processing file /home/airflow/dags/lowest_rated_movies.py for tasks to queue
[2023-03-02 15:41:59,970] {logging_mixin.py:115} INFO - [2023-03-02 15:41:59,969] {dagbag.py:507} INFO - Filling up the DagBag from /home/airflow/dags/lowest_rated_movies.py
[2023-03-02 15:42:00,201] {processor.py:651} INFO - DAG(s) dict_keys(['lowest_rated_movies']) retrieved from /home/airflow/dags/lowest_rated_movies.py
[2023-03-02 15:42:02,642] {logging_mixin.py:115} INFO - [2023-03-02 15:42:02,609] {dag.py:2379} INFO - Sync 1 DAGs
[2023-03-02 15:42:02,762] {logging_mixin.py:115} INFO - [2023-03-02 15:42:02,761] {dag.py:2931} INFO - Setting next_dagrun for lowest_rated_movies to None, run_after=None
[2023-03-02 15:42:02,818] {processor.py:161} INFO - Processing /home/airflow/dags/lowest_rated_movies.py took 2.861 seconds
[2023-03-02 15:42:33,878] {processor.py:153} INFO - Started process (PID=886) to work on /home/airflow/dags/lowest_rated_movies.py
[2023-03-02 15:42:33,880] {processor.py:641} INFO - Processing file /home/airflow/dags/lowest_rated_movies.py for tasks to queue
[2023-03-02 15:42:33,881] {logging_mixin.py:115} INFO - [2023-03-02 15:42:33,881] {dagbag.py:507} INFO - Filling up the DagBag from /home/airflow/dags/lowest_rated_movies.py
[2023-03-02 15:42:33,974] {processor.py:651} INFO - DAG(s) dict_keys(['lowest_rated_movies']) retrieved from /home/airflow/dags/lowest_rated_movies.py
[2023-03-02 15:42:34,295] {logging_mixin.py:115} INFO - [2023-03-02 15:42:34,294] {dag.py:2379} INFO - Sync 1 DAGs
[2023-03-02 15:42:34,342] {logging_mixin.py:115} INFO - [2023-03-02 15:42:34,342] {dag.py:2931} INFO - Setting next_dagrun for lowest_rated_movies to None, run_after=None
[2023-03-02 15:42:34,400] {processor.py:161} INFO - Processing /home/airflow/dags/lowest_rated_movies.py took 0.531 seconds
[2023-03-02 15:43:04,699] {processor.py:153} INFO - Started process (PID=896) to work on /home/airflow/dags/lowest_rated_movies.py
[2023-03-02 15:43:04,701] {processor.py:641} INFO - Processing file /home/airflow/dags/lowest_rated_movies.py for tasks to queue
[2023-03-02 15:43:04,703] {logging_mixin.py:115} INFO - [2023-03-02 15:43:04,703] {dagbag.py:507} INFO - Filling up the DagBag from /home/airflow/dags/lowest_rated_movies.py
[2023-03-02 15:43:04,845] {processor.py:651} INFO - DAG(s) dict_keys(['lowest_rated_movies']) retrieved from /home/airflow/dags/lowest_rated_movies.py
[2023-03-02 15:43:05,134] {logging_mixin.py:115} INFO - [2023-03-02 15:43:05,134] {dag.py:2379} INFO - Sync 1 DAGs
[2023-03-02 15:43:05,195] {logging_mixin.py:115} INFO - [2023-03-02 15:43:05,195] {dag.py:2931} INFO - Setting next_dagrun for lowest_rated_movies to None, run_after=None
[2023-03-02 15:43:05,225] {processor.py:161} INFO - Processing /home/airflow/dags/lowest_rated_movies.py took 0.532 seconds
[2023-03-02 15:43:36,105] {processor.py:153} INFO - Started process (PID=906) to work on /home/airflow/dags/lowest_rated_movies.py
[2023-03-02 15:43:36,112] {processor.py:641} INFO - Processing file /home/airflow/dags/lowest_rated_movies.py for tasks to queue
[2023-03-02 15:43:36,113] {logging_mixin.py:115} INFO - [2023-03-02 15:43:36,113] {dagbag.py:507} INFO - Filling up the DagBag from /home/airflow/dags/lowest_rated_movies.py
[2023-03-02 15:43:36,282] {processor.py:651} INFO - DAG(s) dict_keys(['lowest_rated_movies']) retrieved from /home/airflow/dags/lowest_rated_movies.py
[2023-03-02 15:43:36,881] {logging_mixin.py:115} INFO - [2023-03-02 15:43:36,865] {dag.py:2379} INFO - Sync 1 DAGs
[2023-03-02 15:43:36,941] {logging_mixin.py:115} INFO - [2023-03-02 15:43:36,941] {dag.py:2931} INFO - Setting next_dagrun for lowest_rated_movies to None, run_after=None
[2023-03-02 15:43:37,177] {processor.py:161} INFO - Processing /home/airflow/dags/lowest_rated_movies.py took 1.109 seconds
[2023-03-02 15:44:08,559] {processor.py:153} INFO - Started process (PID=916) to work on /home/airflow/dags/lowest_rated_movies.py
[2023-03-02 15:44:08,561] {processor.py:641} INFO - Processing file /home/airflow/dags/lowest_rated_movies.py for tasks to queue
[2023-03-02 15:44:08,562] {logging_mixin.py:115} INFO - [2023-03-02 15:44:08,562] {dagbag.py:507} INFO - Filling up the DagBag from /home/airflow/dags/lowest_rated_movies.py
[2023-03-02 15:44:08,719] {processor.py:651} INFO - DAG(s) dict_keys(['lowest_rated_movies']) retrieved from /home/airflow/dags/lowest_rated_movies.py
[2023-03-02 15:44:09,316] {logging_mixin.py:115} INFO - [2023-03-02 15:44:09,316] {dag.py:2379} INFO - Sync 1 DAGs
[2023-03-02 15:44:09,383] {logging_mixin.py:115} INFO - [2023-03-02 15:44:09,383] {dag.py:2931} INFO - Setting next_dagrun for lowest_rated_movies to None, run_after=None
[2023-03-02 15:44:09,453] {processor.py:161} INFO - Processing /home/airflow/dags/lowest_rated_movies.py took 0.909 seconds
